{"meta": {"format": 3, "version": "7.16.0", "timestamp": "2026-08-31T00:38:03.811356", "branch_coverage": false, "show_contexts": false}, "files": {"tests/__init__.py": {"executed_lines": [], "summary": {"covered_lines": 0, "num_statements": 0, "percent_covered": 100.0, "percent_covered_display": "100.00", "missing_lines": 0, "excluded_lines": 0, "percent_statements_covered": 100.0, "percent_statements_covered_display": "100.00"}, "missing_lines": [], "excluded_lines": [], "functions": {"": {"executed_lines": [], "summary": {"covered_lines": 0, "num_statements": 0, "percent_covered": 100.0, "percent_covered_display": "100.00", "missing_lines": 0, "excluded_lines": 0, "percent_statements_covered": 100.0, "percent_statements_covered_display": "100.00"}, "missing_lines": [], "excluded_lines": [], "start_line": 1}}, "classes": {"": {"executed_lines": [], "summary": {"covered_lines": 0, "num_statements": 0, "percent_covered": 100.0, "percent_covered_display": "100.00", "missing_lines": 0, "excluded_lines": 0, "percent_statements_covered": 100.0, "percent_statements_covered_display": "100.00"}, "missing_lines": [], "excluded_lines": [], "start_line": 1}}}, "tests/conftest.py": {"executed_lines": [1, 3, 4, 5, 6, 7, 8, 9, 10, 11, 12, 13, 15, 17, 18, 19, 20, 22, 26, 27, 38, 41, 42, 48, 49, 57, 58, 63, 64, 69, 70, 85, 86, 91, 92, 97, 98, 103, 104, 110, 111, 170, 171, 172, 175, 176, 180, 181, 215, 224, 225, 229, 242, 246, 259], "summary": {"covered_lines": 55, "num_statements": 126, "percent_covered": 43.65079365079365, "percent_covered_display": "43.65", "missing_lines": 71, "excluded_lines": 5, "percent_statements_covered": 43.65079365079365, "percent_statements_covered_display": "43.65"}, "missing_lines": [43, 45, 50, 59, 60, 65, 66, 71, 76, 81, 82, 87, 88, 93, 94, 99, 100, 105, 106, 107, 133, 134, 136, 137, 139, 140, 142, 143, 144, 145, 147, 148, 149, 150, 156, 157, 158, 159, 160, 161, 162, 163, 164, 165, 167, 177, 182, 183, 184, 185, 186, 187, 188, 191, 195, 196, 202, 203, 204, 205, 206, 207, 208, 211, 212, 217, 218, 219, 226, 243, 260], "excluded_lines": [23, 24, 44, 209, 210], "functions": {"tls_certificate_authority": {"executed_lines": [], "summary": {"covered_lines": 0, "num_statements": 2, "percent_covered": 0.0, "percent_covered_display": "0.00", "missing_lines": 2, "excluded_lines": 1, "percent_statements_covered": 0.0, "percent_statements_covered_display": "0.00"}, "missing_lines": [43, 45], "excluded_lines": [44], "start_line": 42}, "tls_certificate": {"executed_lines": [], "summary": {"covered_lines": 0, "num_statements": 1, "percent_covered": 0.0, "percent_covered_display": "0.00", "missing_lines": 1, "excluded_lines": 0, "percent_statements_covered": 0.0, "percent_statements_covered_display": "0.00"}, "missing_lines": [50], "excluded_lines": [], "start_line": 49}, "tls_ca_certificate_pem_path": {"executed_lines": [], "summary": {"covered_lines": 0, "num_statements": 2, "percent_covered": 0.0, "percent_covered_display": "0.00", "missing_lines": 2, "excluded_lines": 0, "percent_statements_covered": 0.0, "percent_statements_covered_display": "0.00"}, "missing_lines": [59, 60], "excluded_lines": [], "start_line": 58}, "tls_ca_certificate_private_key_path": {"executed_lines": [], "summary": {"covered_lines": 0, "num_statements": 2, "percent_covered": 0.0, "percent_covered_display": "0.00", "missing_lines": 2, "excluded_lines": 0, "percent_statements_covered": 0.0, "percent_statements_covered_display": "0.00"}, "missing_lines": [65, 66], "excluded_lines": [], "start_line": 64}, "tls_certificate_private_key_encrypted_path": {"executed_lines": [], "summary": {"covered_lines": 0, "num_statements": 4, "percent_covered": 0.0, "percent_covered_display": "0.00", "missing_lines": 4, "excluded_lines": 0, "percent_statements_covered": 0.0, "percent_statements_covered_display": "0.00"}, "missing_lines": [71, 76, 81, 82], "excluded_lines": [], "start_line": 70}, "tls_certificate_private_key_path": {"executed_lines": [], "summary": {"covered_lines": 0, "num_statements": 2, "percent_covered": 0.0, "percent_covered_display": "0.00", "missing_lines": 2, "excluded_lines": 0, "percent_statements_covered": 0.0, "percent_statements_covered_display": "0.00"}, "missing_lines": [87, 88], "excluded_lines": [], "start_line": 86}, "tls_certificate_key_and_chain_path": {"executed_lines": [], "summary": {"covered_lines": 0, "num_statements": 2, "percent_covered": 0.0, "percent_covered_display": "0.00", "missing_lines": 2, "excluded_lines": 0, "percent_statements_covered": 0.0, "percent_statements_covered_display": "0.00"}, "missing_lines": [93, 94], "excluded_lines": [], "start_line": 92}, "tls_certificate_server_cert_path": {"executed_lines": [], "summary": {"covered_lines": 0, "num_statements": 2, "percent_covered": 0.0, "percent_covered_display": "0.00", "missing_lines": 2, "excluded_lines": 0, "percent_statements_covered": 0.0, "percent_statements_covered_display": "0.00"}, "missing_lines": [99, 100], "excluded_lines": [], "start_line": 98}, "tls_ca_ssl_context": {"executed_lines": [], "summary": {"covered_lines": 0, "num_statements": 3, "percent_covered": 0.0, "percent_covered_display": "0.00", "missing_lines": 3, "excluded_lines": 0, "percent_statements_covered": 0.0, "percent_statements_covered_display": "0.00"}, "missing_lines": [105, 106, 107], "excluded_lines": [], "start_line": 104}, "reload_directory_structure": {"executed_lines": [], "summary": {"covered_lines": 0, "num_statements": 25, "percent_covered": 0.0, "percent_covered_display": "0.00", "missing_lines": 25, "excluded_lines": 0, "percent_statements_covered": 0.0, "percent_statements_covered_display": "0.00"}, "missing_lines": [133, 134, 136, 137, 139, 140, 142, 143, 144, 145, 147, 148, 149, 150, 156, 157, 158, 159, 160, 161, 162, 163, 164, 165, 167], "excluded_lines": [], "start_line": 111}, "anyio_backend": {"executed_lines": [172], "summary": {"covered_lines": 1, "num_statements": 1, "percent_covered": 100.0, "percent_covered_display": "100.00", "missing_lines": 0, "excluded_lines": 0, "percent_statements_covered": 100.0, "percent_statements_covered_display": "100.00"}, "missing_lines": [], "excluded_lines": [], "start_line": 171}, "logging_config": {"executed_lines": [], "summary": {"covered_lines": 0, "num_statements": 1, "percent_covered": 0.0, "percent_covered_display": "0.00", "missing_lines": 1, "excluded_lines": 0, "percent_statements_covered": 0.0, "percent_statements_covered_display": "0.00"}, "missing_lines": [177], "excluded_lines": [], "start_line": 176}, "short_socket_name": {"executed_lines": [], "summary": {"covered_lines": 0, "num_statements": 18, "percent_covered": 0.0, "percent_covered_display": "0.00", "missing_lines": 18, "excluded_lines": 2, "percent_statements_covered": 0.0, "percent_statements_covered_display": "0.00"}, "missing_lines": [182, 183, 184, 185, 186, 187, 188, 191, 195, 202, 203, 204, 205, 206, 207, 208, 211, 212], "excluded_lines": [209, 210], "start_line": 181}, "short_socket_name.make_tmp_dir": {"executed_lines": [], "summary": {"covered_lines": 0, "num_statements": 1, "percent_covered": 0.0, "percent_covered_display": "0.00", "missing_lines": 1, "excluded_lines": 0, "percent_statements_covered": 0.0, "percent_statements_covered_display": "0.00"}, "missing_lines": [196], "excluded_lines": [], "start_line": 195}, "_unused_port": {"executed_lines": [], "summary": {"covered_lines": 0, "num_statements": 3, "percent_covered": 0.0, "percent_covered_display": "0.00", "missing_lines": 3, "excluded_lines": 0, "percent_statements_covered": 0.0, "percent_statements_covered_display": "0.00"}, "missing_lines": [217, 218, 219], "excluded_lines": [], "start_line": 215}, "unused_tcp_port": {"executed_lines": [], "summary": {"covered_lines": 0, "num_statements": 1, "percent_covered": 0.0, "percent_covered_display": "0.00", "missing_lines": 1, "excluded_lines": 0, "percent_statements_covered": 0.0, "percent_statements_covered_display": "0.00"}, "missing_lines": [226], "excluded_lines": [], "start_line": 225}, "ws_protocol_cls": {"executed_lines": [], "summary": {"covered_lines": 0, "num_statements": 1, "percent_covered": 0.0, "percent_covered_display": "0.00", "missing_lines": 1, "excluded_lines": 0, "percent_statements_covered": 0.0, "percent_statements_covered_display": "0.00"}, "missing_lines": [243], "excluded_lines": [], "start_line": 242}, "http_protocol_cls": {"executed_lines": [], "summary": {"covered_lines": 0, "num_statements": 1, "percent_covered": 0.0, "percent_covered_display": "0.00", "missing_lines": 1, "excluded_lines": 0, "percent_statements_covered": 0.0, "percent_statements_covered_display": "0.00"}, "missing_lines": [260], "excluded_lines": [], "start_line": 259}, "": {"executed_lines": [1, 3, 4, 5, 6, 7, 8, 9, 10, 11, 12, 13, 15, 17, 18, 19, 20, 22, 26, 27, 38, 41, 42, 48, 49, 57, 58, 63, 64, 69, 70, 85, 86, 91, 92, 97, 98, 103, 104, 110, 111, 170, 171, 175, 176, 180, 181, 215, 224, 225, 229, 242, 246, 259], "summary": {"covered_lines": 54, "num_statements": 54, "percent_covered": 100.0, "percent_covered_display": "100.00", "missing_lines": 0, "excluded_lines": 2, "percent_statements_covered": 100.0, "percent_statements_covered_display": "100.00"}, "missing_lines": [], "excluded_lines": [23, 24], "start_line": 1}}, "classes": {"": {"executed_lines": [1, 3, 4, 5, 6, 7, 8, 9, 10, 11, 12, 13, 15, 17, 18, 19, 20, 22, 26, 27, 38, 41, 42, 48, 49, 57, 58, 63, 64, 69, 70, 85, 86, 91, 92, 97, 98, 103, 104, 110, 111, 170, 171, 172, 175, 176, 180, 181, 215, 224, 225, 229, 242, 246, 259], "summary": {"covered_lines": 55, "num_statements": 126, "percent_covered": 43.65079365079365, "percent_covered_display": "43.65", "missing_lines": 71, "excluded_lines": 5, "percent_statements_covered": 43.65079365079365, "percent_statements_covered_display": "43.65"}, "missing_lines": [43, 45, 50, 59, 60, 65, 66, 71, 76, 81, 82, 87, 88, 93, 94, 99, 100, 105, 106, 107, 133, 134, 136, 137, 139, 140, 142, 143, 144, 145, 147, 148, 149, 150, 156, 157, 158, 159, 160, 161, 162, 163, 164, 165, 167, 177, 182, 183, 184, 185, 186, 187, 188, 191, 195, 196, 202, 203, 204, 205, 206, 207, 208, 211, 212, 217, 218, 219, 226, 243, 260], "excluded_lines": [23, 24, 44, 209, 210], "start_line": 1}}}, "tests/custom_loop_utils.py": {"executed_lines": [], "summary": {"covered_lines": 0, "num_statements": 4, "percent_covered": 0.0, "percent_covered_display": "0.00", "missing_lines": 4, "excluded_lines": 0, "percent_statements_covered": 0.0, "percent_statements_covered_display": "0.00"}, "missing_lines": [1, 3, 6, 7], "excluded_lines": [], "functions": {"": {"executed_lines": [], "summary": {"covered_lines": 0, "num_statements": 4, "percent_covered": 0.0, "percent_covered_display": "0.00", "missing_lines": 4, "excluded_lines": 0, "percent_statements_covered": 0.0, "percent_statements_covered_display": "0.00"}, "missing_lines": [1, 3, 6, 7], "excluded_lines": [], "start_line": 1}}, "classes": {"CustomLoop": {"executed_lines": [], "summary": {"covered_lines": 0, "num_statements": 0, "percent_covered": 100.0, "percent_covered_display": "100.00", "missing_lines": 0, "excluded_lines": 0, "percent_statements_covered": 100.0, "percent_statements_covered_display": "100.00"}, "missing_lines": [], "excluded_lines": [], "start_line": 6}, "": {"executed_lines": [], "summary": {"covered_lines": 0, "num_statements": 4, "percent_covered": 0.0, "percent_covered_display": "0.00", "missing_lines": 4, "excluded_lines": 0, "percent_statements_covered": 0.0, "percent_statements_covered_display": "0.00"}, "missing_lines": [1, 3, 6, 7], "excluded_lines": [], "start_line": 1}}}, "tests/importer/__init__.py": {"executed_lines": [], "summary": {"covered_lines": 0, "num_statements": 0, "percent_covered": 100.0, "percent_covered_display": "100.00", "missing_lines": 0, "excluded_lines": 0, "percent_statements_covered": 100.0, "percent_statements_covered_display": "100.00"}, "missing_lines": [], "excluded_lines": [], "functions": {"": {"executed_lines": [], "summary": {"covered_lines": 0, "num_statements": 0, "percent_covered": 100.0, "percent_covered_display": "100.00", "missing_lines": 0, "excluded_lines": 0, "percent_statements_covered": 100.0, "percent_statements_covered_display": "100.00"}, "missing_lines": [], "excluded_lines": [], "start_line": 1}}, "classes": {"": {"executed_lines": [], "summary": {"covered_lines": 0, "num_statements": 0, "percent_covered": 100.0, "percent_covered_display": "100.00", "missing_lines": 0, "excluded_lines": 0, "percent_statements_covered": 100.0, "percent_statements_covered_display": "100.00"}, "missing_lines": [], "excluded_lines": [], "start_line": 1}}}, "tests/importer/circular_import_a.py": {"executed_lines": [], "summary": {"covered_lines": 0, "num_statements": 1, "percent_covered": 0.0, "percent_covered_display": "0.00", "missing_lines": 1, "excluded_lines": 1, "percent_statements_covered": 0.0, "percent_statements_covered_display": "0.00"}, "missing_lines": [2], "excluded_lines": [4], "functions": {"": {"executed_lines": [], "summary": {"covered_lines": 0, "num_statements": 1, "percent_covered": 0.0, "percent_covered_display": "0.00", "missing_lines": 1, "excluded_lines": 1, "percent_statements_covered": 0.0, "percent_statements_covered_display": "0.00"}, "missing_lines": [2], "excluded_lines": [4], "start_line": 1}}, "classes": {"": {"executed_lines": [], "summary": {"covered_lines": 0, "num_statements": 1, "percent_covered": 0.0, "percent_covered_display": "0.00", "missing_lines": 1, "excluded_lines": 1, "percent_statements_covered": 0.0, "percent_statements_covered_display": "0.00"}, "missing_lines": [2], "excluded_lines": [4], "start_line": 1}}}, "tests/importer/circular_import_b.py": {"executed_lines": [], "summary": {"covered_lines": 0, "num_statements": 1, "percent_covered": 0.0, "percent_covered_display": "0.00", "missing_lines": 1, "excluded_lines": 1, "percent_statements_covered": 0.0, "percent_statements_covered_display": "0.00"}, "missing_lines": [2], "excluded_lines": [4], "functions": {"": {"executed_lines": [], "summary": {"covered_lines": 0, "num_statements": 1, "percent_covered": 0.0, "percent_covered_display": "0.00", "missing_lines": 1, "excluded_lines": 1, "percent_statements_covered": 0.0, "percent_statements_covered_display": "0.00"}, "missing_lines": [2], "excluded_lines": [4], "start_line": 1}}, "classes": {"": {"executed_lines": [], "summary": {"covered_lines": 0, "num_statements": 1, "percent_covered": 0.0, "percent_covered_display": "0.00", "missing_lines": 1, "excluded_lines": 1, "percent_statements_covered": 0.0, "percent_statements_covered_display": "0.00"}, "missing_lines": [2], "excluded_lines": [4], "start_line": 1}}}, "tests/importer/raise_import_error.py": {"executed_lines": [], "summary": {"covered_lines": 0, "num_statements": 2, "percent_covered": 0.0, "percent_covered_display": "0.00", "missing_lines": 2, "excluded_lines": 0, "percent_statements_covered": 0.0, "percent_statements_covered_display": "0.00"}, "missing_lines": [3, 5], "excluded_lines": [], "functions": {"": {"executed_lines": [], "summary": {"covered_lines": 0, "num_statements": 2, "percent_covered": 0.0, "percent_covered_display": "0.00", "missing_lines": 2, "excluded_lines": 0, "percent_statements_covered": 0.0, "percent_statements_covered_display": "0.00"}, "missing_lines": [3, 5], "excluded_lines": [], "start_line": 1}}, "classes": {"": {"executed_lines": [], "summary": {"covered_lines": 0, "num_statements": 2, "percent_covered": 0.0, "percent_covered_display": "0.00", "missing_lines": 2, "excluded_lines": 0, "percent_statements_covered": 0.0, "percent_statements_covered_display": "0.00"}, "missing_lines": [3, 5], "excluded_lines": [], "start_line": 1}}}, "tests/importer/test_importer.py": {"executed_lines": [], "summary": {"covered_lines": 0, "num_statements": 33, "percent_covered": 0.0, "percent_covered_display": "0.00", "missing_lines": 33, "excluded_lines": 0, "percent_statements_covered": 0.0, "percent_statements_covered_display": "0.00"}, "missing_lines": [1, 3, 6, 7, 8, 9, 10, 13, 14, 15, 16, 17, 20, 21, 22, 23, 24, 27, 28, 29, 32, 33, 34, 36, 39, 40, 42, 43, 46, 47, 48, 49, 53], "excluded_lines": [], "functions": {"test_invalid_format": {"executed_lines": [], "summary": {"covered_lines": 0, "num_statements": 4, "percent_covered": 0.0, "percent_covered_display": "0.00", "missing_lines": 4, "excluded_lines": 0, "percent_statements_covered": 0.0, "percent_statements_covered_display": "0.00"}, "missing_lines": [7, 8, 9, 10], "excluded_lines": [], "start_line": 6}, "test_invalid_module": {"executed_lines": [], "summary": {"covered_lines": 0, "num_statements": 4, "percent_covered": 0.0, "percent_covered_display": "0.00", "missing_lines": 4, "excluded_lines": 0, "percent_statements_covered": 0.0, "percent_statements_covered_display": "0.00"}, "missing_lines": [14, 15, 16, 17], "excluded_lines": [], "start_line": 13}, "test_invalid_attr": {"executed_lines": [], "summary": {"covered_lines": 0, "num_statements": 4, "percent_covered": 0.0, "percent_covered_display": "0.00", "missing_lines": 4, "excluded_lines": 0, "percent_statements_covered": 0.0, "percent_statements_covered_display": "0.00"}, "missing_lines": [21, 22, 23, 24], "excluded_lines": [], "start_line": 20}, "test_internal_import_error": {"executed_lines": [], "summary": {"covered_lines": 0, "num_statements": 2, "percent_covered": 0.0, "percent_covered_display": "0.00", "missing_lines": 2, "excluded_lines": 0, "percent_statements_covered": 0.0, "percent_statements_covered_display": "0.00"}, "missing_lines": [28, 29], "excluded_lines": [], "start_line": 27}, "test_valid_import": {"executed_lines": [], "summary": {"covered_lines": 0, "num_statements": 3, "percent_covered": 0.0, "percent_covered_display": "0.00", "missing_lines": 3, "excluded_lines": 0, "percent_statements_covered": 0.0, "percent_statements_covered_display": "0.00"}, "missing_lines": [33, 34, 36], "excluded_lines": [], "start_line": 32}, "test_no_import_needed": {"executed_lines": [], "summary": {"covered_lines": 0, "num_statements": 3, "percent_covered": 0.0, "percent_covered_display": "0.00", "missing_lines": 3, "excluded_lines": 0, "percent_statements_covered": 0.0, "percent_statements_covered_display": "0.00"}, "missing_lines": [40, 42, 43], "excluded_lines": [], "start_line": 39}, "test_circular_import_error": {"executed_lines": [], "summary": {"covered_lines": 0, "num_statements": 4, "percent_covered": 0.0, "percent_covered_display": "0.00", "missing_lines": 4, "excluded_lines": 0, "percent_statements_covered": 0.0, "percent_statements_covered_display": "0.00"}, "missing_lines": [47, 48, 49, 53], "excluded_lines": [], "start_line": 46}, "": {"executed_lines": [], "summary": {"covered_lines": 0, "num_statements": 9, "percent_covered": 0.0, "percent_covered_display": "0.00", "missing_lines": 9, "excluded_lines": 0, "percent_statements_covered": 0.0, "percent_statements_covered_display": "0.00"}, "missing_lines": [1, 3, 6, 13, 20, 27, 32, 39, 46], "excluded_lines": [], "start_line": 1}}, "classes": {"": {"executed_lines": [], "summary": {"covered_lines": 0, "num_statements": 33, "percent_covered": 0.0, "percent_covered_display": "0.00", "missing_lines": 33, "excluded_lines": 0, "percent_statements_covered": 0.0, "percent_statements_covered_display": "0.00"}, "missing_lines": [1, 3, 6, 7, 8, 9, 10, 13, 14, 15, 16, 17, 20, 21, 22, 23, 24, 27, 28, 29, 32, 33, 34, 36, 39, 40, 42, 43, 46, 47, 48, 49, 53], "excluded_lines": [], "start_line": 1}}}, "tests/middleware/__init__.py": {"executed_lines": [], "summary": {"covered_lines": 0, "num_statements": 0, "percent_covered": 100.0, "percent_covered_display": "100.00", "missing_lines": 0, "excluded_lines": 0, "percent_statements_covered": 100.0, "percent_statements_covered_display": "100.00"}, "missing_lines": [], "excluded_lines": [], "functions": {"": {"executed_lines": [], "summary": {"covered_lines": 0, "num_statements": 0, "percent_covered": 100.0, "percent_covered_display": "100.00", "missing_lines": 0, "excluded_lines": 0, "percent_statements_covered": 100.0, "percent_statements_covered_display": "100.00"}, "missing_lines": [], "excluded_lines": [], "start_line": 1}}, "classes": {"": {"executed_lines": [], "summary": {"covered_lines": 0, "num_statements": 0, "percent_covered": 100.0, "percent_covered_display": "100.00", "missing_lines": 0, "excluded_lines": 0, "percent_statements_covered": 100.0, "percent_statements_covered_display": "100.00"}, "missing_lines": [], "excluded_lines": [], "start_line": 1}}}, "tests/middleware/test_logging.py": {"executed_lines": [], "summary": {"covered_lines": 0, "num_statements": 139, "percent_covered": 0.0, "percent_covered_display": "0.00", "missing_lines": 139, "excluded_lines": 9, "percent_statements_covered": 0.0, "percent_statements_covered_display": "0.00"}, "missing_lines": [1, 3, 4, 5, 6, 7, 8, 10, 11, 12, 13, 15, 16, 17, 32, 35, 36, 37, 38, 39, 40, 41, 43, 44, 47, 48, 49, 50, 53, 54, 61, 62, 63, 64, 65, 66, 67, 68, 69, 70, 71, 72, 75, 76, 83, 84, 85, 86, 87, 88, 89, 90, 93, 99, 100, 101, 102, 103, 104, 105, 106, 108, 109, 110, 112, 119, 120, 121, 122, 123, 124, 125, 126, 129, 130, 133, 134, 135, 136, 137, 139, 140, 141, 144, 145, 148, 149, 150, 151, 152, 153, 154, 155, 156, 157, 158, 159, 160, 161, 164, 165, 168, 169, 170, 171, 173, 174, 177, 178, 179, 180, 181, 182, 183, 184, 185, 186, 187, 190, 191, 192, 193, 194, 196, 197, 198, 199, 200, 202, 203, 204, 207, 208, 209, 210, 211, 212, 213, 214], "excluded_lines": [19, 20, 22, 23, 25, 26, 27, 28, 30], "functions": {"caplog_for_logger": {"executed_lines": [], "summary": {"covered_lines": 0, "num_statements": 7, "percent_covered": 0.0, "percent_covered_display": "0.00", "missing_lines": 7, "excluded_lines": 0, "percent_statements_covered": 0.0, "percent_statements_covered_display": "0.00"}, "missing_lines": [37, 38, 39, 40, 41, 43, 44], "excluded_lines": [], "start_line": 36}, "app": {"executed_lines": [], "summary": {"covered_lines": 0, "num_statements": 3, "percent_covered": 0.0, "percent_covered_display": "0.00", "missing_lines": 3, "excluded_lines": 0, "percent_statements_covered": 0.0, "percent_statements_covered_display": "0.00"}, "missing_lines": [48, 49, 50], "excluded_lines": [], "start_line": 47}, "test_trace_logging": {"executed_lines": [], "summary": {"covered_lines": 0, "num_statements": 13, "percent_covered": 0.0, "percent_covered_display": "0.00", "missing_lines": 13, "excluded_lines": 0, "percent_statements_covered": 0.0, "percent_statements_covered_display": "0.00"}, "missing_lines": [54, 61, 62, 63, 64, 65, 66, 67, 68, 69, 70, 71, 72], "excluded_lines": [], "start_line": 53}, "test_trace_logging_on_http_protocol": {"executed_lines": [], "summary": {"covered_lines": 0, "num_statements": 9, "percent_covered": 0.0, "percent_covered_display": "0.00", "missing_lines": 9, "excluded_lines": 0, "percent_statements_covered": 0.0, "percent_statements_covered_display": "0.00"}, "missing_lines": [76, 83, 84, 85, 86, 87, 88, 89, 90], "excluded_lines": [], "start_line": 75}, "test_trace_logging_on_ws_protocol": {"executed_lines": [], "summary": {"covered_lines": 0, "num_statements": 11, "percent_covered": 0.0, "percent_covered_display": "0.00", "missing_lines": 11, "excluded_lines": 0, "percent_statements_covered": 0.0, "percent_statements_covered_display": "0.00"}, "missing_lines": [99, 108, 112, 119, 120, 121, 122, 123, 124, 125, 126], "excluded_lines": [], "start_line": 93}, "test_trace_logging_on_ws_protocol.websocket_app": {"executed_lines": [], "summary": {"covered_lines": 0, "num_statements": 7, "percent_covered": 0.0, "percent_covered_display": "0.00", "missing_lines": 7, "excluded_lines": 0, "percent_statements_covered": 0.0, "percent_statements_covered_display": "0.00"}, "missing_lines": [100, 101, 102, 103, 104, 105, 106], "excluded_lines": [], "start_line": 99}, "test_trace_logging_on_ws_protocol.open_connection": {"executed_lines": [], "summary": {"covered_lines": 0, "num_statements": 2, "percent_covered": 0.0, "percent_covered_display": "0.00", "missing_lines": 2, "excluded_lines": 0, "percent_statements_covered": 0.0, "percent_statements_covered_display": "0.00"}, "missing_lines": [109, 110], "excluded_lines": [], "start_line": 108}, "test_access_logging": {"executed_lines": [], "summary": {"covered_lines": 0, "num_statements": 8, "percent_covered": 0.0, "percent_covered_display": "0.00", "missing_lines": 8, "excluded_lines": 0, "percent_statements_covered": 0.0, "percent_statements_covered_display": "0.00"}, "missing_lines": [133, 134, 135, 136, 137, 139, 140, 141], "excluded_lines": [], "start_line": 130}, "test_default_logging": {"executed_lines": [], "summary": {"covered_lines": 0, "num_statements": 14, "percent_covered": 0.0, "percent_covered_display": "0.00", "missing_lines": 14, "excluded_lines": 0, "percent_statements_covered": 0.0, "percent_statements_covered_display": "0.00"}, "missing_lines": [148, 149, 150, 151, 152, 153, 154, 155, 156, 157, 158, 159, 160, 161], "excluded_lines": [], "start_line": 145}, "test_running_log_using_uds": {"executed_lines": [], "summary": {"covered_lines": 0, "num_statements": 6, "percent_covered": 0.0, "percent_covered_display": "0.00", "missing_lines": 6, "excluded_lines": 0, "percent_statements_covered": 0.0, "percent_statements_covered_display": "0.00"}, "missing_lines": [168, 169, 170, 171, 173, 174], "excluded_lines": [], "start_line": 165}, "test_running_log_using_fd": {"executed_lines": [], "summary": {"covered_lines": 0, "num_statements": 9, "percent_covered": 0.0, "percent_covered_display": "0.00", "missing_lines": 9, "excluded_lines": 0, "percent_statements_covered": 0.0, "percent_statements_covered_display": "0.00"}, "missing_lines": [179, 180, 181, 182, 183, 184, 185, 186, 187], "excluded_lines": [], "start_line": 178}, "test_unknown_status_code": {"executed_lines": [], "summary": {"covered_lines": 0, "num_statements": 9, "percent_covered": 0.0, "percent_covered_display": "0.00", "missing_lines": 9, "excluded_lines": 0, "percent_statements_covered": 0.0, "percent_statements_covered_display": "0.00"}, "missing_lines": [191, 196, 197, 198, 199, 200, 202, 203, 204], "excluded_lines": [], "start_line": 190}, "test_unknown_status_code.app": {"executed_lines": [], "summary": {"covered_lines": 0, "num_statements": 3, "percent_covered": 0.0, "percent_covered_display": "0.00", "missing_lines": 3, "excluded_lines": 0, "percent_statements_covered": 0.0, "percent_statements_covered_display": "0.00"}, "missing_lines": [192, 193, 194], "excluded_lines": [], "start_line": 191}, "test_server_start_with_port_zero": {"executed_lines": [], "summary": {"covered_lines": 0, "num_statements": 7, "percent_covered": 0.0, "percent_covered_display": "0.00", "missing_lines": 7, "excluded_lines": 0, "percent_statements_covered": 0.0, "percent_statements_covered_display": "0.00"}, "missing_lines": [208, 209, 210, 211, 212, 213, 214], "excluded_lines": [], "start_line": 207}, "": {"executed_lines": [], "summary": {"covered_lines": 0, "num_statements": 31, "percent_covered": 0.0, "percent_covered_display": "0.00", "missing_lines": 31, "excluded_lines": 9, "percent_statements_covered": 0.0, "percent_statements_covered_display": "0.00"}, "missing_lines": [1, 3, 4, 5, 6, 7, 8, 10, 11, 12, 13, 15, 16, 17, 32, 35, 36, 47, 53, 75, 93, 129, 130, 144, 145, 164, 165, 177, 178, 190, 207], "excluded_lines": [19, 20, 22, 23, 25, 26, 27, 28, 30], "start_line": 1}}, "classes": {"": {"executed_lines": [], "summary": {"covered_lines": 0, "num_statements": 139, "percent_covered": 0.0, "percent_covered_display": "0.00", "missing_lines": 139, "excluded_lines": 9, "percent_statements_covered": 0.0, "percent_statements_covered_display": "0.00"}, "missing_lines": [1, 3, 4, 5, 6, 7, 8, 10, 11, 12, 13, 15, 16, 17, 32, 35, 36, 37, 38, 39, 40, 41, 43, 44, 47, 48, 49, 50, 53, 54, 61, 62, 63, 64, 65, 66, 67, 68, 69, 70, 71, 72, 75, 76, 83, 84, 85, 86, 87, 88, 89, 90, 93, 99, 100, 101, 102, 103, 104, 105, 106, 108, 109, 110, 112, 119, 120, 121, 122, 123, 124, 125, 126, 129, 130, 133, 134, 135, 136, 137, 139, 140, 141, 144, 145, 148, 149, 150, 151, 152, 153, 154, 155, 156, 157, 158, 159, 160, 161, 164, 165, 168, 169, 170, 171, 173, 174, 177, 178, 179, 180, 181, 182, 183, 184, 185, 186, 187, 190, 191, 192, 193, 194, 196, 197, 198, 199, 200, 202, 203, 204, 207, 208, 209, 210, 211, 212, 213, 214], "excluded_lines": [19, 20, 22, 23, 25, 26, 27, 28, 30], "start_line": 1}}}, "tests/middleware/test_message_logger.py": {"executed_lines": [], "summary": {"covered_lines": 0, "num_statements": 41, "percent_covered": 0.0, "percent_covered_display": "0.00", "missing_lines": 41, "excluded_lines": 0, "percent_statements_covered": 0.0, "percent_statements_covered_display": "0.00"}, "missing_lines": [1, 2, 4, 5, 6, 9, 10, 11, 12, 13, 14, 16, 17, 18, 20, 21, 22, 23, 24, 25, 26, 27, 28, 29, 32, 33, 34, 35, 37, 38, 39, 40, 41, 42, 43, 44, 45, 46, 47, 48, 49], "excluded_lines": [], "functions": {"test_message_logger": {"executed_lines": [], "summary": {"covered_lines": 0, "num_statements": 14, "percent_covered": 0.0, "percent_covered_display": "0.00", "missing_lines": 14, "excluded_lines": 0, "percent_statements_covered": 0.0, "percent_statements_covered_display": "0.00"}, "missing_lines": [11, 16, 17, 18, 20, 21, 22, 23, 24, 25, 26, 27, 28, 29], "excluded_lines": [], "start_line": 10}, "test_message_logger.app": {"executed_lines": [], "summary": {"covered_lines": 0, "num_statements": 3, "percent_covered": 0.0, "percent_covered_display": "0.00", "missing_lines": 3, "excluded_lines": 0, "percent_statements_covered": 0.0, "percent_statements_covered_display": "0.00"}, "missing_lines": [12, 13, 14], "excluded_lines": [], "start_line": 11}, "test_message_logger_exc": {"executed_lines": [], "summary": {"covered_lines": 0, "num_statements": 14, "percent_covered": 0.0, "percent_covered_display": "0.00", "missing_lines": 14, "excluded_lines": 0, "percent_statements_covered": 0.0, "percent_statements_covered_display": "0.00"}, "missing_lines": [34, 37, 38, 39, 40, 41, 42, 43, 44, 45, 46, 47, 48, 49], "excluded_lines": [], "start_line": 33}, "test_message_logger_exc.app": {"executed_lines": [], "summary": {"covered_lines": 0, "num_statements": 1, "percent_covered": 0.0, "percent_covered_display": "0.00", "missing_lines": 1, "excluded_lines": 0, "percent_statements_covered": 0.0, "percent_statements_covered_display": "0.00"}, "missing_lines": [35], "excluded_lines": [], "start_line": 34}, "": {"executed_lines": [], "summary": {"covered_lines": 0, "num_statements": 9, "percent_covered": 0.0, "percent_covered_display": "0.00", "missing_lines": 9, "excluded_lines": 0, "percent_statements_covered": 0.0, "percent_statements_covered_display": "0.00"}, "missing_lines": [1, 2, 4, 5, 6, 9, 10, 32, 33], "excluded_lines": [], "start_line": 1}}, "classes": {"": {"executed_lines": [], "summary": {"covered_lines": 0, "num_statements": 41, "percent_covered": 0.0, "percent_covered_display": "0.00", "missing_lines": 41, "excluded_lines": 0, "percent_statements_covered": 0.0, "percent_statements_covered_display": "0.00"}, "missing_lines": [1, 2, 4, 5, 6, 9, 10, 11, 12, 13, 14, 16, 17, 18, 20, 21, 22, 23, 24, 25, 26, 27, 28, 29, 32, 33, 34, 35, 37, 38, 39, 40, 41, 42, 43, 44, 45, 46, 47, 48, 49], "excluded_lines": [], "start_line": 1}}}, "tests/middleware/test_proxy_headers.py": {"executed_lines": [], "summary": {"covered_lines": 0, "num_statements": 95, "percent_covered": 0.0, "percent_covered_display": "0.00", "missing_lines": 95, "excluded_lines": 6, "percent_statements_covered": 0.0, "percent_statements_covered_display": "0.00"}, "missing_lines": [1, 3, 5, 6, 7, 8, 10, 11, 12, 13, 14, 23, 24, 27, 28, 29, 32, 33, 35, 36, 39, 50, 51, 52, 57, 58, 59, 60, 61, 62, 68, 69, 72, 339, 340, 341, 344, 345, 368, 369, 370, 371, 372, 373, 376, 377, 391, 396, 397, 398, 399, 400, 401, 402, 405, 406, 421, 422, 423, 424, 425, 426, 429, 430, 431, 432, 439, 440, 441, 444, 445, 454, 461, 462, 463, 464, 465, 466, 467, 468, 470, 471, 479, 480, 481, 482, 483, 484, 487, 488, 491, 492, 493, 494, 495], "excluded_lines": [16, 17, 18, 19, 20, 30], "functions": {"default_app": {"executed_lines": [], "summary": {"covered_lines": 0, "num_statements": 6, "percent_covered": 0.0, "percent_covered_display": "0.00", "missing_lines": 6, "excluded_lines": 1, "percent_statements_covered": 0.0, "percent_statements_covered_display": "0.00"}, "missing_lines": [28, 29, 32, 33, 35, 36], "excluded_lines": [30], "start_line": 27}, "make_httpx_client": {"executed_lines": [], "summary": {"covered_lines": 0, "num_statements": 3, "percent_covered": 0.0, "percent_covered_display": "0.00", "missing_lines": 3, "excluded_lines": 0, "percent_statements_covered": 0.0, "percent_statements_covered_display": "0.00"}, "missing_lines": [50, 51, 52], "excluded_lines": [], "start_line": 39}, "test_forwarded_hosts": {"executed_lines": [], "summary": {"covered_lines": 0, "num_statements": 2, "percent_covered": 0.0, "percent_covered_display": "0.00", "missing_lines": 2, "excluded_lines": 0, "percent_statements_covered": 0.0, "percent_statements_covered_display": "0.00"}, "missing_lines": [340, 341], "excluded_lines": [], "start_line": 339}, "test_proxy_headers_trusted_hosts": {"executed_lines": [], "summary": {"covered_lines": 0, "num_statements": 5, "percent_covered": 0.0, "percent_covered_display": "0.00", "missing_lines": 5, "excluded_lines": 0, "percent_statements_covered": 0.0, "percent_statements_covered_display": "0.00"}, "missing_lines": [369, 370, 371, 372, 373], "excluded_lines": [], "start_line": 368}, "test_proxy_headers_trusted_hosts_malformed": {"executed_lines": [], "summary": {"covered_lines": 0, "num_statements": 7, "percent_covered": 0.0, "percent_covered_display": "0.00", "missing_lines": 7, "excluded_lines": 0, "percent_statements_covered": 0.0, "percent_statements_covered_display": "0.00"}, "missing_lines": [396, 397, 398, 399, 400, 401, 402], "excluded_lines": [], "start_line": 391}, "test_proxy_headers_multiple_proxies": {"executed_lines": [], "summary": {"covered_lines": 0, "num_statements": 5, "percent_covered": 0.0, "percent_covered_display": "0.00", "missing_lines": 5, "excluded_lines": 0, "percent_statements_covered": 0.0, "percent_statements_covered_display": "0.00"}, "missing_lines": [422, 423, 424, 425, 426], "excluded_lines": [], "start_line": 421}, "test_proxy_headers_invalid_x_forwarded_for": {"executed_lines": [], "summary": {"covered_lines": 0, "num_statements": 5, "percent_covered": 0.0, "percent_covered_display": "0.00", "missing_lines": 5, "excluded_lines": 0, "percent_statements_covered": 0.0, "percent_statements_covered_display": "0.00"}, "missing_lines": [431, 432, 439, 440, 441], "excluded_lines": [], "start_line": 430}, "test_proxy_headers_websocket_x_forwarded_proto": {"executed_lines": [], "summary": {"covered_lines": 0, "num_statements": 9, "percent_covered": 0.0, "percent_covered_display": "0.00", "missing_lines": 9, "excluded_lines": 0, "percent_statements_covered": 0.0, "percent_statements_covered_display": "0.00"}, "missing_lines": [461, 470, 471, 479, 480, 481, 482, 483, 484], "excluded_lines": [], "start_line": 454}, "test_proxy_headers_websocket_x_forwarded_proto.websocket_app": {"executed_lines": [], "summary": {"covered_lines": 0, "num_statements": 7, "percent_covered": 0.0, "percent_covered_display": "0.00", "missing_lines": 7, "excluded_lines": 0, "percent_statements_covered": 0.0, "percent_statements_covered_display": "0.00"}, "missing_lines": [462, 463, 464, 465, 466, 467, 468], "excluded_lines": [], "start_line": 461}, "test_proxy_headers_empty_x_forwarded_for": {"executed_lines": [], "summary": {"covered_lines": 0, "num_statements": 5, "percent_covered": 0.0, "percent_covered_display": "0.00", "missing_lines": 5, "excluded_lines": 0, "percent_statements_covered": 0.0, "percent_statements_covered_display": "0.00"}, "missing_lines": [491, 492, 493, 494, 495], "excluded_lines": [], "start_line": 488}, "": {"executed_lines": [], "summary": {"covered_lines": 0, "num_statements": 41, "percent_covered": 0.0, "percent_covered_display": "0.00", "missing_lines": 41, "excluded_lines": 5, "percent_statements_covered": 0.0, "percent_statements_covered_display": "0.00"}, "missing_lines": [1, 3, 5, 6, 7, 8, 10, 11, 12, 13, 14, 23, 24, 27, 39, 57, 58, 59, 60, 61, 62, 68, 69, 72, 339, 344, 345, 368, 376, 377, 391, 405, 406, 421, 429, 430, 444, 445, 454, 487, 488], "excluded_lines": [16, 17, 18, 19, 20], "start_line": 1}}, "classes": {"": {"executed_lines": [], "summary": {"covered_lines": 0, "num_statements": 95, "percent_covered": 0.0, "percent_covered_display": "0.00", "missing_lines": 95, "excluded_lines": 6, "percent_statements_covered": 0.0, "percent_statements_covered_display": "0.00"}, "missing_lines": [1, 3, 5, 6, 7, 8, 10, 11, 12, 13, 14, 23, 24, 27, 28, 29, 32, 33, 35, 36, 39, 50, 51, 52, 57, 58, 59, 60, 61, 62, 68, 69, 72, 339, 340, 341, 344, 345, 368, 369, 370, 371, 372, 373, 376, 377, 391, 396, 397, 398, 399, 400, 401, 402, 405, 406, 421, 422, 423, 424, 425, 426, 429, 430, 431, 432, 439, 440, 441, 444, 445, 454, 461, 462, 463, 464, 465, 466, 467, 468, 470, 471, 479, 480, 481, 482, 483, 484, 487, 488, 491, 492, 493, 494, 495], "excluded_lines": [16, 17, 18, 19, 20, 30], "start_line": 1}}}, "tests/middleware/test_wsgi.py": {"executed_lines": [1, 3, 4, 5, 6, 8, 9, 10, 12, 13, 16, 27, 38, 42, 56, 57, 58, 61, 62, 70, 71, 79, 80, 92, 93, 102, 103, 115, 142, 144, 145, 146, 147, 150, 151, 152, 153, 154, 155, 156], "summary": {"covered_lines": 40, "num_statements": 93, "percent_covered": 43.01075268817204, "percent_covered_display": "43.01", "missing_lines": 53, "excluded_lines": 0, "percent_statements_covered": 43.01075268817204, "percent_statements_covered_display": "43.01"}, "missing_lines": [17, 18, 19, 23, 24, 28, 29, 30, 34, 35, 39, 43, 44, 45, 46, 47, 48, 52, 53, 63, 64, 65, 66, 67, 72, 73, 74, 75, 76, 81, 82, 83, 85, 86, 87, 88, 89, 96, 97, 98, 99, 104, 105, 109, 110, 111, 112, 116, 131, 136, 137, 138, 139], "excluded_lines": [], "functions": {"hello_world": {"executed_lines": [], "summary": {"covered_lines": 0, "num_statements": 5, "percent_covered": 0.0, "percent_covered_display": "0.00", "missing_lines": 5, "excluded_lines": 0, "percent_statements_covered": 0.0, "percent_statements_covered_display": "0.00"}, "missing_lines": [17, 18, 19, 23, 24], "excluded_lines": [], "start_line": 16}, "echo_body": {"executed_lines": [], "summary": {"covered_lines": 0, "num_statements": 5, "percent_covered": 0.0, "percent_covered_display": "0.00", "missing_lines": 5, "excluded_lines": 0, "percent_statements_covered": 0.0, "percent_statements_covered_display": "0.00"}, "missing_lines": [28, 29, 30, 34, 35], "excluded_lines": [], "start_line": 27}, "raise_exception": {"executed_lines": [], "summary": {"covered_lines": 0, "num_statements": 1, "percent_covered": 0.0, "percent_covered_display": "0.00", "missing_lines": 1, "excluded_lines": 0, "percent_statements_covered": 0.0, "percent_statements_covered_display": "0.00"}, "missing_lines": [39], "excluded_lines": [], "start_line": 38}, "return_exc_info": {"executed_lines": [], "summary": {"covered_lines": 0, "num_statements": 8, "percent_covered": 0.0, "percent_covered_display": "0.00", "missing_lines": 8, "excluded_lines": 0, "percent_statements_covered": 0.0, "percent_statements_covered_display": "0.00"}, "missing_lines": [43, 44, 45, 46, 47, 48, 52, 53], "excluded_lines": [], "start_line": 42}, "wsgi_middleware": {"executed_lines": [58], "summary": {"covered_lines": 1, "num_statements": 1, "percent_covered": 100.0, "percent_covered_display": "100.00", "missing_lines": 0, "excluded_lines": 0, "percent_statements_covered": 100.0, "percent_statements_covered_display": "100.00"}, "missing_lines": [], "excluded_lines": [], "start_line": 57}, "test_wsgi_get": {"executed_lines": [], "summary": {"covered_lines": 0, "num_statements": 5, "percent_covered": 0.0, "percent_covered_display": "0.00", "missing_lines": 5, "excluded_lines": 0, "percent_statements_covered": 0.0, "percent_statements_covered_display": "0.00"}, "missing_lines": [63, 64, 65, 66, 67], "excluded_lines": [], "start_line": 62}, "test_wsgi_post": {"executed_lines": [], "summary": {"covered_lines": 0, "num_statements": 5, "percent_covered": 0.0, "percent_covered_display": "0.00", "missing_lines": 5, "excluded_lines": 0, "percent_statements_covered": 0.0, "percent_statements_covered_display": "0.00"}, "missing_lines": [72, 73, 74, 75, 76], "excluded_lines": [], "start_line": 71}, "test_wsgi_put_more_body": {"executed_lines": [], "summary": {"covered_lines": 0, "num_statements": 6, "percent_covered": 0.0, "percent_covered_display": "0.00", "missing_lines": 6, "excluded_lines": 0, "percent_statements_covered": 0.0, "percent_statements_covered_display": "0.00"}, "missing_lines": [81, 85, 86, 87, 88, 89], "excluded_lines": [], "start_line": 80}, "test_wsgi_put_more_body.generate_body": {"executed_lines": [], "summary": {"covered_lines": 0, "num_statements": 2, "percent_covered": 0.0, "percent_covered_display": "0.00", "missing_lines": 2, "excluded_lines": 0, "percent_statements_covered": 0.0, "percent_statements_covered_display": "0.00"}, "missing_lines": [82, 83], "excluded_lines": [], "start_line": 81}, "test_wsgi_exception": {"executed_lines": [], "summary": {"covered_lines": 0, "num_statements": 4, "percent_covered": 0.0, "percent_covered_display": "0.00", "missing_lines": 4, "excluded_lines": 0, "percent_statements_covered": 0.0, "percent_statements_covered_display": "0.00"}, "missing_lines": [96, 97, 98, 99], "excluded_lines": [], "start_line": 93}, "test_wsgi_exc_info": {"executed_lines": [], "summary": {"covered_lines": 0, "num_statements": 6, "percent_covered": 0.0, "percent_covered_display": "0.00", "missing_lines": 6, "excluded_lines": 0, "percent_statements_covered": 0.0, "percent_statements_covered_display": "0.00"}, "missing_lines": [104, 105, 109, 110, 111, 112], "excluded_lines": [], "start_line": 103}, "test_build_environ_encoding": {"executed_lines": [], "summary": {"covered_lines": 0, "num_statements": 6, "percent_covered": 0.0, "percent_covered_display": "0.00", "missing_lines": 6, "excluded_lines": 0, "percent_statements_covered": 0.0, "percent_statements_covered_display": "0.00"}, "missing_lines": [116, 131, 136, 137, 138, 139], "excluded_lines": [], "start_line": 115}, "multiple_chunks": {"executed_lines": [144, 145, 146, 147], "summary": {"covered_lines": 4, "num_statements": 4, "percent_covered": 100.0, "percent_covered_display": "100.00", "missing_lines": 0, "excluded_lines": 0, "percent_statements_covered": 100.0, "percent_statements_covered_display": "100.00"}, "missing_lines": [], "excluded_lines": [], "start_line": 142}, "test_wsgi_multiple_chunks": {"executed_lines": [152, 153, 154, 155, 156], "summary": {"covered_lines": 5, "num_statements": 5, "percent_covered": 100.0, "percent_covered_display": "100.00", "missing_lines": 0, "excluded_lines": 0, "percent_statements_covered": 100.0, "percent_statements_covered_display": "100.00"}, "missing_lines": [], "excluded_lines": [], "start_line": 151}, "": {"executed_lines": [1, 3, 4, 5, 6, 8, 9, 10, 12, 13, 16, 27, 38, 42, 56, 57, 61, 62, 70, 71, 79, 80, 92, 93, 102, 103, 115, 142, 150, 151], "summary": {"covered_lines": 30, "num_statements": 30, "percent_covered": 100.0, "percent_covered_display": "100.00", "missing_lines": 0, "excluded_lines": 0, "percent_statements_covered": 100.0, "percent_statements_covered_display": "100.00"}, "missing_lines": [], "excluded_lines": [], "start_line": 1}}, "classes": {"": {"executed_lines": [1, 3, 4, 5, 6, 8, 9, 10, 12, 13, 16, 27, 38, 42, 56, 57, 58, 61, 62, 70, 71, 79, 80, 92, 93, 102, 103, 115, 142, 144, 145, 146, 147, 150, 151, 152, 153, 154, 155, 156], "summary": {"covered_lines": 40, "num_statements": 93, "percent_covered": 43.01075268817204, "percent_covered_display": "43.01", "missing_lines": 53, "excluded_lines": 0, "percent_statements_covered": 43.01075268817204, "percent_statements_covered_display": "43.01"}, "missing_lines": [17, 18, 19, 23, 24, 28, 29, 30, 34, 35, 39, 43, 44, 45, 46, 47, 48, 52, 53, 63, 64, 65, 66, 67, 72, 73, 74, 75, 76, 81, 82, 83, 85, 86, 87, 88, 89, 96, 97, 98, 99, 104, 105, 109, 110, 111, 112, 116, 131, 136, 137, 138, 139], "excluded_lines": [], "start_line": 1}}}, "tests/protocols/__init__.py": {"executed_lines": [], "summary": {"covered_lines": 0, "num_statements": 0, "percent_covered": 100.0, "percent_covered_display": "100.00", "missing_lines": 0, "excluded_lines": 0, "percent_statements_covered": 100.0, "percent_statements_covered_display": "100.00"}, "missing_lines": [], "excluded_lines": [], "functions": {"": {"executed_lines": [], "summary": {"covered_lines": 0, "num_statements": 0, "percent_covered": 100.0, "percent_covered_display": "100.00", "missing_lines": 0, "excluded_lines": 0, "percent_statements_covered": 100.0, "percent_statements_covered_display": "100.00"}, "missing_lines": [], "excluded_lines": [], "start_line": 1}}, "classes": {"": {"executed_lines": [], "summary": {"covered_lines": 0, "num_statements": 0, "percent_covered": 100.0, "percent_covered_display": "100.00", "missing_lines": 0, "excluded_lines": 0, "percent_statements_covered": 100.0, "percent_statements_covered_display": "100.00"}, "missing_lines": [], "excluded_lines": [], "start_line": 1}}}, "tests/protocols/test_http.py": {"executed_lines": [], "summary": {"covered_lines": 0, "num_statements": 671, "percent_covered": 0.0, "percent_covered_display": "0.00", "missing_lines": 671, "excluded_lines": 15, "percent_statements_covered": 0.0, "percent_statements_covered_display": "0.00"}, "missing_lines": [1, 3, 4, 5, 6, 7, 8, 10, 12, 13, 14, 15, 16, 17, 18, 19, 21, 22, 24, 43, 46, 48, 50, 52, 63, 65, 77, 91, 102, 113, 115, 117, 119, 131, 143, 152, 163, 176, 177, 180, 181, 182, 183, 184, 185, 187, 188, 190, 191, 192, 194, 195, 196, 198, 199, 201, 202, 204, 205, 207, 208, 210, 211, 214, 215, 218, 219, 220, 221, 222, 224, 225, 226, 227, 230, 231, 232, 233, 235, 236, 237, 239, 240, 241, 242, 244, 245, 247, 248, 249, 250, 251, 253, 254, 257, 258, 259, 262, 263, 264, 265, 266, 267, 270, 276, 277, 278, 279, 280, 281, 282, 283, 286, 287, 289, 290, 291, 292, 293, 296, 305, 306, 307, 308, 309, 310, 311, 312, 315, 316, 317, 320, 321, 323, 325, 326, 327, 328, 331, 332, 334, 335, 336, 337, 338, 341, 342, 343, 344, 345, 346, 347, 348, 349, 350, 351, 353, 354, 355, 356, 357, 360, 361, 363, 364, 365, 367, 368, 371, 372, 374, 375, 376, 377, 378, 379, 380, 381, 382, 385, 386, 388, 389, 390, 394, 395, 396, 397, 401, 402, 403, 404, 405, 408, 409, 411, 412, 413, 414, 415, 418, 419, 421, 422, 423, 424, 425, 426, 429, 430, 432, 433, 434, 435, 436, 437, 440, 441, 443, 444, 445, 446, 447, 450, 451, 453, 454, 455, 456, 457, 458, 459, 460, 461, 462, 463, 464, 465, 466, 467, 468, 471, 472, 474, 475, 476, 477, 480, 481, 483, 484, 485, 486, 489, 490, 492, 493, 494, 495, 496, 499, 500, 502, 503, 504, 507, 508, 509, 511, 512, 513, 514, 515, 518, 519, 520, 521, 522, 524, 525, 526, 527, 528, 531, 532, 534, 535, 536, 537, 538, 541, 542, 543, 545, 546, 547, 548, 549, 552, 553, 555, 556, 557, 558, 559, 560, 563, 564, 565, 566, 568, 569, 570, 571, 572, 575, 576, 577, 579, 580, 581, 582, 583, 586, 587, 588, 589, 590, 592, 593, 594, 595, 596, 599, 600, 601, 602, 603, 605, 606, 607, 608, 609, 612, 613, 615, 618, 619, 620, 621, 623, 625, 626, 627, 628, 629, 630, 633, 634, 636, 637, 638, 639, 640, 641, 644, 645, 647, 650, 651, 652, 654, 655, 656, 657, 658, 661, 662, 663, 664, 665, 666, 668, 669, 670, 671, 672, 675, 676, 677, 678, 679, 680, 681, 683, 684, 685, 686, 687, 690, 691, 692, 693, 694, 695, 696, 698, 699, 701, 702, 703, 704, 707, 708, 710, 711, 712, 713, 728, 729, 731, 732, 733, 734, 735, 736, 739, 740, 742, 743, 744, 745, 748, 749, 750, 751, 752, 753, 754, 755, 756, 757, 758, 760, 761, 772, 773, 774, 775, 776, 779, 782, 784, 785, 796, 797, 798, 799, 802, 803, 805, 807, 808, 809, 812, 813, 815, 816, 817, 818, 819, 822, 825, 827, 828, 829, 830, 831, 832, 833, 834, 835, 836, 839, 840, 842, 843, 844, 845, 846, 849, 850, 853, 854, 855, 857, 860, 867, 872, 873, 874, 875, 878, 886, 889, 890, 892, 893, 895, 896, 897, 898, 901, 902, 903, 904, 905, 906, 907, 908, 909, 910, 912, 914, 915, 916, 917, 918, 919, 920, 921, 922, 925, 926, 929, 930, 932, 933, 934, 935, 936, 937, 939, 940, 941, 942, 943, 944, 947, 948, 950, 953, 954, 955, 956, 959, 960, 961, 963, 966, 967, 968, 969, 970, 973, 974, 976, 979, 980, 981, 982, 985, 986, 987, 989, 992, 993, 994, 995, 996, 999, 1000, 1002, 1003, 1004, 1005, 1006, 1007, 1010, 1011, 1013, 1014, 1015, 1016, 1017, 1018, 1021, 1024, 1025, 1027, 1028, 1029, 1030, 1031, 1032, 1035, 1038, 1039, 1040, 1041, 1042, 1043, 1044, 1045, 1046, 1047, 1048, 1050, 1051, 1052, 1053, 1054, 1057, 1058, 1059, 1060, 1061, 1063, 1064, 1065, 1066, 1069, 1070, 1072, 1073, 1074, 1075, 1077, 1079, 1080, 1082, 1085, 1087, 1088, 1089, 1090, 1091, 1092, 1094, 1097, 1100, 1101, 1103, 1104, 1105, 1106, 1107, 1108, 1109, 1110, 1113, 1116, 1117, 1119, 1120, 1121, 1122, 1123, 1124, 1125, 1126], "excluded_lines": [25, 26, 28, 29, 31, 32, 33, 35, 36, 37, 38, 40, 41, 927, 928], "functions": {"MockTransport.__init__": {"executed_lines": [], "summary": {"covered_lines": 0, "num_statements": 6, "percent_covered": 0.0, "percent_covered_display": "0.00", "missing_lines": 6, "excluded_lines": 0, "percent_statements_covered": 0.0, "percent_statements_covered_display": "0.00"}, "missing_lines": [180, 181, 182, 183, 184, 185], "excluded_lines": [], "start_line": 177}, "MockTransport.get_extra_info": {"executed_lines": [], "summary": {"covered_lines": 0, "num_statements": 1, "percent_covered": 0.0, "percent_covered_display": "0.00", "missing_lines": 1, "excluded_lines": 0, "percent_statements_covered": 0.0, "percent_statements_covered_display": "0.00"}, "missing_lines": [188], "excluded_lines": [], "start_line": 187}, "MockTransport.write": {"executed_lines": [], "summary": {"covered_lines": 0, "num_statements": 2, "percent_covered": 0.0, "percent_covered_display": "0.00", "missing_lines": 2, "excluded_lines": 0, "percent_statements_covered": 0.0, "percent_statements_covered_display": "0.00"}, "missing_lines": [191, 192], "excluded_lines": [], "start_line": 190}, "MockTransport.close": {"executed_lines": [], "summary": {"covered_lines": 0, "num_statements": 2, "percent_covered": 0.0, "percent_covered_display": "0.00", "missing_lines": 2, "excluded_lines": 0, "percent_statements_covered": 0.0, "percent_statements_covered_display": "0.00"}, "missing_lines": [195, 196], "excluded_lines": [], "start_line": 194}, "MockTransport.pause_reading": {"executed_lines": [], "summary": {"covered_lines": 0, "num_statements": 1, "percent_covered": 0.0, "percent_covered_display": "0.00", "missing_lines": 1, "excluded_lines": 0, "percent_statements_covered": 0.0, "percent_statements_covered_display": "0.00"}, "missing_lines": [199], "excluded_lines": [], "start_line": 198}, "MockTransport.resume_reading": {"executed_lines": [], "summary": {"covered_lines": 0, "num_statements": 1, "percent_covered": 0.0, "percent_covered_display": "0.00", "missing_lines": 1, "excluded_lines": 0, "percent_statements_covered": 0.0, "percent_statements_covered_display": "0.00"}, "missing_lines": [202], "excluded_lines": [], "start_line": 201}, "MockTransport.is_closing": {"executed_lines": [], "summary": {"covered_lines": 0, "num_statements": 1, "percent_covered": 0.0, "percent_covered_display": "0.00", "missing_lines": 1, "excluded_lines": 0, "percent_statements_covered": 0.0, "percent_statements_covered_display": "0.00"}, "missing_lines": [205], "excluded_lines": [], "start_line": 204}, "MockTransport.clear_buffer": {"executed_lines": [], "summary": {"covered_lines": 0, "num_statements": 1, "percent_covered": 0.0, "percent_covered_display": "0.00", "missing_lines": 1, "excluded_lines": 0, "percent_statements_covered": 0.0, "percent_statements_covered_display": "0.00"}, "missing_lines": [208], "excluded_lines": [], "start_line": 207}, "MockTransport.set_protocol": {"executed_lines": [], "summary": {"covered_lines": 0, "num_statements": 1, "percent_covered": 0.0, "percent_covered_display": "0.00", "missing_lines": 1, "excluded_lines": 0, "percent_statements_covered": 0.0, "percent_statements_covered_display": "0.00"}, "missing_lines": [211], "excluded_lines": [], "start_line": 210}, "MockTimerHandle.__init__": {"executed_lines": [], "summary": {"covered_lines": 0, "num_statements": 5, "percent_covered": 0.0, "percent_covered_display": "0.00", "missing_lines": 5, "excluded_lines": 0, "percent_statements_covered": 0.0, "percent_statements_covered_display": "0.00"}, "missing_lines": [218, 219, 220, 221, 222], "excluded_lines": [], "start_line": 215}, "MockTimerHandle.cancel": {"executed_lines": [], "summary": {"covered_lines": 0, "num_statements": 3, "percent_covered": 0.0, "percent_covered_display": "0.00", "missing_lines": 3, "excluded_lines": 0, "percent_statements_covered": 0.0, "percent_statements_covered_display": "0.00"}, "missing_lines": [225, 226, 227], "excluded_lines": [], "start_line": 224}, "MockLoop.__init__": {"executed_lines": [], "summary": {"covered_lines": 0, "num_statements": 2, "percent_covered": 0.0, "percent_covered_display": "0.00", "missing_lines": 2, "excluded_lines": 0, "percent_statements_covered": 0.0, "percent_statements_covered_display": "0.00"}, "missing_lines": [232, 233], "excluded_lines": [], "start_line": 231}, "MockLoop.create_task": {"executed_lines": [], "summary": {"covered_lines": 0, "num_statements": 2, "percent_covered": 0.0, "percent_covered_display": "0.00", "missing_lines": 2, "excluded_lines": 0, "percent_statements_covered": 0.0, "percent_statements_covered_display": "0.00"}, "missing_lines": [236, 237], "excluded_lines": [], "start_line": 235}, "MockLoop.call_later": {"executed_lines": [], "summary": {"covered_lines": 0, "num_statements": 3, "percent_covered": 0.0, "percent_covered_display": "0.00", "missing_lines": 3, "excluded_lines": 0, "percent_statements_covered": 0.0, "percent_statements_covered_display": "0.00"}, "missing_lines": [240, 241, 242], "excluded_lines": [], "start_line": 239}, "MockLoop.run_one": {"executed_lines": [], "summary": {"covered_lines": 0, "num_statements": 1, "percent_covered": 0.0, "percent_covered_display": "0.00", "missing_lines": 1, "excluded_lines": 0, "percent_statements_covered": 0.0, "percent_statements_covered_display": "0.00"}, "missing_lines": [245], "excluded_lines": [], "start_line": 244}, "MockLoop.run_later": {"executed_lines": [], "summary": {"covered_lines": 0, "num_statements": 6, "percent_covered": 0.0, "percent_covered_display": "0.00", "missing_lines": 6, "excluded_lines": 0, "percent_statements_covered": 0.0, "percent_statements_covered_display": "0.00"}, "missing_lines": [248, 249, 250, 251, 253, 254], "excluded_lines": [], "start_line": 247}, "MockTask.add_done_callback": {"executed_lines": [], "summary": {"covered_lines": 0, "num_statements": 1, "percent_covered": 0.0, "percent_covered_display": "0.00", "missing_lines": 1, "excluded_lines": 0, "percent_statements_covered": 0.0, "percent_statements_covered_display": "0.00"}, "missing_lines": [259], "excluded_lines": [], "start_line": 258}, "get_connected_protocol": {"executed_lines": [], "summary": {"covered_lines": 0, "num_statements": 8, "percent_covered": 0.0, "percent_covered_display": "0.00", "missing_lines": 8, "excluded_lines": 0, "percent_statements_covered": 0.0, "percent_statements_covered_display": "0.00"}, "missing_lines": [276, 277, 278, 279, 280, 281, 282, 283], "excluded_lines": [], "start_line": 270}, "test_get_request": {"executed_lines": [], "summary": {"covered_lines": 0, "num_statements": 6, "percent_covered": 0.0, "percent_covered_display": "0.00", "missing_lines": 6, "excluded_lines": 0, "percent_statements_covered": 0.0, "percent_statements_covered_display": "0.00"}, "missing_lines": [287, 289, 290, 291, 292, 293], "excluded_lines": [], "start_line": 286}, "test_header_value_allowed_characters": {"executed_lines": [], "summary": {"covered_lines": 0, "num_statements": 7, "percent_covered": 0.0, "percent_covered_display": "0.00", "missing_lines": 7, "excluded_lines": 0, "percent_statements_covered": 0.0, "percent_statements_covered_display": "0.00"}, "missing_lines": [306, 307, 308, 309, 310, 311, 312], "excluded_lines": [], "start_line": 305}, "test_request_logging": {"executed_lines": [], "summary": {"covered_lines": 0, "num_statements": 8, "percent_covered": 0.0, "percent_covered_display": "0.00", "missing_lines": 8, "excluded_lines": 0, "percent_statements_covered": 0.0, "percent_statements_covered_display": "0.00"}, "missing_lines": [317, 320, 321, 323, 325, 326, 327, 328], "excluded_lines": [], "start_line": 316}, "test_head_request": {"executed_lines": [], "summary": {"covered_lines": 0, "num_statements": 6, "percent_covered": 0.0, "percent_covered_display": "0.00", "missing_lines": 6, "excluded_lines": 0, "percent_statements_covered": 0.0, "percent_statements_covered_display": "0.00"}, "missing_lines": [332, 334, 335, 336, 337, 338], "excluded_lines": [], "start_line": 331}, "test_post_request": {"executed_lines": [], "summary": {"covered_lines": 0, "num_statements": 6, "percent_covered": 0.0, "percent_covered_display": "0.00", "missing_lines": 6, "excluded_lines": 0, "percent_statements_covered": 0.0, "percent_statements_covered_display": "0.00"}, "missing_lines": [342, 353, 354, 355, 356, 357], "excluded_lines": [], "start_line": 341}, "test_post_request.app": {"executed_lines": [], "summary": {"covered_lines": 0, "num_statements": 9, "percent_covered": 0.0, "percent_covered_display": "0.00", "missing_lines": 9, "excluded_lines": 0, "percent_statements_covered": 0.0, "percent_statements_covered_display": "0.00"}, "missing_lines": [343, 344, 345, 346, 347, 348, 349, 350, 351], "excluded_lines": [], "start_line": 342}, "test_keepalive": {"executed_lines": [], "summary": {"covered_lines": 0, "num_statements": 6, "percent_covered": 0.0, "percent_covered_display": "0.00", "missing_lines": 6, "excluded_lines": 0, "percent_statements_covered": 0.0, "percent_statements_covered_display": "0.00"}, "missing_lines": [361, 363, 364, 365, 367, 368], "excluded_lines": [], "start_line": 360}, "test_keepalive_timeout": {"executed_lines": [], "summary": {"covered_lines": 0, "num_statements": 10, "percent_covered": 0.0, "percent_covered_display": "0.00", "missing_lines": 10, "excluded_lines": 0, "percent_statements_covered": 0.0, "percent_statements_covered_display": "0.00"}, "missing_lines": [372, 374, 375, 376, 377, 378, 379, 380, 381, 382], "excluded_lines": [], "start_line": 371}, "test_keepalive_timeout_with_pipelined_requests": {"executed_lines": [], "summary": {"covered_lines": 0, "num_statements": 13, "percent_covered": 0.0, "percent_covered_display": "0.00", "missing_lines": 13, "excluded_lines": 0, "percent_statements_covered": 0.0, "percent_statements_covered_display": "0.00"}, "missing_lines": [386, 388, 389, 390, 394, 395, 396, 397, 401, 402, 403, 404, 405], "excluded_lines": [], "start_line": 385}, "test_close": {"executed_lines": [], "summary": {"covered_lines": 0, "num_statements": 6, "percent_covered": 0.0, "percent_covered_display": "0.00", "missing_lines": 6, "excluded_lines": 0, "percent_statements_covered": 0.0, "percent_statements_covered_display": "0.00"}, "missing_lines": [409, 411, 412, 413, 414, 415], "excluded_lines": [], "start_line": 408}, "test_chunked_encoding": {"executed_lines": [], "summary": {"covered_lines": 0, "num_statements": 7, "percent_covered": 0.0, "percent_covered_display": "0.00", "missing_lines": 7, "excluded_lines": 0, "percent_statements_covered": 0.0, "percent_statements_covered_display": "0.00"}, "missing_lines": [419, 421, 422, 423, 424, 425, 426], "excluded_lines": [], "start_line": 418}, "test_chunked_encoding_empty_body": {"executed_lines": [], "summary": {"covered_lines": 0, "num_statements": 7, "percent_covered": 0.0, "percent_covered_display": "0.00", "missing_lines": 7, "excluded_lines": 0, "percent_statements_covered": 0.0, "percent_statements_covered_display": "0.00"}, "missing_lines": [430, 432, 433, 434, 435, 436, 437], "excluded_lines": [], "start_line": 429}, "test_chunked_encoding_head_request": {"executed_lines": [], "summary": {"covered_lines": 0, "num_statements": 6, "percent_covered": 0.0, "percent_covered_display": "0.00", "missing_lines": 6, "excluded_lines": 0, "percent_statements_covered": 0.0, "percent_statements_covered_display": "0.00"}, "missing_lines": [441, 443, 444, 445, 446, 447], "excluded_lines": [], "start_line": 440}, "test_pipelined_requests": {"executed_lines": [], "summary": {"covered_lines": 0, "num_statements": 17, "percent_covered": 0.0, "percent_covered_display": "0.00", "missing_lines": 17, "excluded_lines": 0, "percent_statements_covered": 0.0, "percent_statements_covered_display": "0.00"}, "missing_lines": [451, 453, 454, 455, 456, 457, 458, 459, 460, 461, 462, 463, 464, 465, 466, 467, 468], "excluded_lines": [], "start_line": 450}, "test_undersized_request": {"executed_lines": [], "summary": {"covered_lines": 0, "num_statements": 5, "percent_covered": 0.0, "percent_covered_display": "0.00", "missing_lines": 5, "excluded_lines": 0, "percent_statements_covered": 0.0, "percent_statements_covered_display": "0.00"}, "missing_lines": [472, 474, 475, 476, 477], "excluded_lines": [], "start_line": 471}, "test_oversized_request": {"executed_lines": [], "summary": {"covered_lines": 0, "num_statements": 5, "percent_covered": 0.0, "percent_covered_display": "0.00", "missing_lines": 5, "excluded_lines": 0, "percent_statements_covered": 0.0, "percent_statements_covered_display": "0.00"}, "missing_lines": [481, 483, 484, 485, 486], "excluded_lines": [], "start_line": 480}, "test_large_post_request": {"executed_lines": [], "summary": {"covered_lines": 0, "num_statements": 6, "percent_covered": 0.0, "percent_covered_display": "0.00", "missing_lines": 6, "excluded_lines": 0, "percent_statements_covered": 0.0, "percent_statements_covered_display": "0.00"}, "missing_lines": [490, 492, 493, 494, 495, 496], "excluded_lines": [], "start_line": 489}, "test_invalid_http": {"executed_lines": [], "summary": {"covered_lines": 0, "num_statements": 4, "percent_covered": 0.0, "percent_covered_display": "0.00", "missing_lines": 4, "excluded_lines": 0, "percent_statements_covered": 0.0, "percent_statements_covered_display": "0.00"}, "missing_lines": [500, 502, 503, 504], "excluded_lines": [], "start_line": 499}, "test_app_exception": {"executed_lines": [], "summary": {"covered_lines": 0, "num_statements": 6, "percent_covered": 0.0, "percent_covered_display": "0.00", "missing_lines": 6, "excluded_lines": 0, "percent_statements_covered": 0.0, "percent_statements_covered_display": "0.00"}, "missing_lines": [508, 511, 512, 513, 514, 515], "excluded_lines": [], "start_line": 507}, "test_app_exception.app": {"executed_lines": [], "summary": {"covered_lines": 0, "num_statements": 1, "percent_covered": 0.0, "percent_covered_display": "0.00", "missing_lines": 1, "excluded_lines": 0, "percent_statements_covered": 0.0, "percent_statements_covered_display": "0.00"}, "missing_lines": [509], "excluded_lines": [], "start_line": 508}, "test_exception_during_response": {"executed_lines": [], "summary": {"covered_lines": 0, "num_statements": 6, "percent_covered": 0.0, "percent_covered_display": "0.00", "missing_lines": 6, "excluded_lines": 0, "percent_statements_covered": 0.0, "percent_statements_covered_display": "0.00"}, "missing_lines": [519, 524, 525, 526, 527, 528], "excluded_lines": [], "start_line": 518}, "test_exception_during_response.app": {"executed_lines": [], "summary": {"covered_lines": 0, "num_statements": 3, "percent_covered": 0.0, "percent_covered_display": "0.00", "missing_lines": 3, "excluded_lines": 0, "percent_statements_covered": 0.0, "percent_statements_covered_display": "0.00"}, "missing_lines": [520, 521, 522], "excluded_lines": [], "start_line": 519}, "test_no_response_returned": {"executed_lines": [], "summary": {"covered_lines": 0, "num_statements": 5, "percent_covered": 0.0, "percent_covered_display": "0.00", "missing_lines": 5, "excluded_lines": 0, "percent_statements_covered": 0.0, "percent_statements_covered_display": "0.00"}, "missing_lines": [534, 535, 536, 537, 538], "excluded_lines": [], "start_line": 531}, "test_no_response_returned.app": {"executed_lines": [], "summary": {"covered_lines": 0, "num_statements": 1, "percent_covered": 0.0, "percent_covered_display": "0.00", "missing_lines": 1, "excluded_lines": 0, "percent_statements_covered": 0.0, "percent_statements_covered_display": "0.00"}, "missing_lines": [532], "excluded_lines": [], "start_line": 532}, "test_partial_response_returned": {"executed_lines": [], "summary": {"covered_lines": 0, "num_statements": 6, "percent_covered": 0.0, "percent_covered_display": "0.00", "missing_lines": 6, "excluded_lines": 0, "percent_statements_covered": 0.0, "percent_statements_covered_display": "0.00"}, "missing_lines": [542, 545, 546, 547, 548, 549], "excluded_lines": [], "start_line": 541}, "test_partial_response_returned.app": {"executed_lines": [], "summary": {"covered_lines": 0, "num_statements": 1, "percent_covered": 0.0, "percent_covered_display": "0.00", "missing_lines": 1, "excluded_lines": 0, "percent_statements_covered": 0.0, "percent_statements_covered_display": "0.00"}, "missing_lines": [543], "excluded_lines": [], "start_line": 542}, "test_response_header_splitting": {"executed_lines": [], "summary": {"covered_lines": 0, "num_statements": 7, "percent_covered": 0.0, "percent_covered_display": "0.00", "missing_lines": 7, "excluded_lines": 0, "percent_statements_covered": 0.0, "percent_statements_covered_display": "0.00"}, "missing_lines": [553, 555, 556, 557, 558, 559, 560], "excluded_lines": [], "start_line": 552}, "test_duplicate_start_message": {"executed_lines": [], "summary": {"covered_lines": 0, "num_statements": 6, "percent_covered": 0.0, "percent_covered_display": "0.00", "missing_lines": 6, "excluded_lines": 0, "percent_statements_covered": 0.0, "percent_statements_covered_display": "0.00"}, "missing_lines": [564, 568, 569, 570, 571, 572], "excluded_lines": [], "start_line": 563}, "test_duplicate_start_message.app": {"executed_lines": [], "summary": {"covered_lines": 0, "num_statements": 2, "percent_covered": 0.0, "percent_covered_display": "0.00", "missing_lines": 2, "excluded_lines": 0, "percent_statements_covered": 0.0, "percent_statements_covered_display": "0.00"}, "missing_lines": [565, 566], "excluded_lines": [], "start_line": 564}, "test_missing_start_message": {"executed_lines": [], "summary": {"covered_lines": 0, "num_statements": 6, "percent_covered": 0.0, "percent_covered_display": "0.00", "missing_lines": 6, "excluded_lines": 0, "percent_statements_covered": 0.0, "percent_statements_covered_display": "0.00"}, "missing_lines": [576, 579, 580, 581, 582, 583], "excluded_lines": [], "start_line": 575}, "test_missing_start_message.app": {"executed_lines": [], "summary": {"covered_lines": 0, "num_statements": 1, "percent_covered": 0.0, "percent_covered_display": "0.00", "missing_lines": 1, "excluded_lines": 0, "percent_statements_covered": 0.0, "percent_statements_covered_display": "0.00"}, "missing_lines": [577], "excluded_lines": [], "start_line": 576}, "test_message_after_body_complete": {"executed_lines": [], "summary": {"covered_lines": 0, "num_statements": 6, "percent_covered": 0.0, "percent_covered_display": "0.00", "missing_lines": 6, "excluded_lines": 0, "percent_statements_covered": 0.0, "percent_statements_covered_display": "0.00"}, "missing_lines": [587, 592, 593, 594, 595, 596], "excluded_lines": [], "start_line": 586}, "test_message_after_body_complete.app": {"executed_lines": [], "summary": {"covered_lines": 0, "num_statements": 3, "percent_covered": 0.0, "percent_covered_display": "0.00", "missing_lines": 3, "excluded_lines": 0, "percent_statements_covered": 0.0, "percent_statements_covered_display": "0.00"}, "missing_lines": [588, 589, 590], "excluded_lines": [], "start_line": 587}, "test_value_returned": {"executed_lines": [], "summary": {"covered_lines": 0, "num_statements": 6, "percent_covered": 0.0, "percent_covered_display": "0.00", "missing_lines": 6, "excluded_lines": 0, "percent_statements_covered": 0.0, "percent_statements_covered_display": "0.00"}, "missing_lines": [600, 605, 606, 607, 608, 609], "excluded_lines": [], "start_line": 599}, "test_value_returned.app": {"executed_lines": [], "summary": {"covered_lines": 0, "num_statements": 3, "percent_covered": 0.0, "percent_covered_display": "0.00", "missing_lines": 3, "excluded_lines": 0, "percent_statements_covered": 0.0, "percent_statements_covered_display": "0.00"}, "missing_lines": [601, 602, 603], "excluded_lines": [], "start_line": 600}, "test_early_disconnect": {"executed_lines": [], "summary": {"covered_lines": 0, "num_statements": 8, "percent_covered": 0.0, "percent_covered_display": "0.00", "missing_lines": 8, "excluded_lines": 0, "percent_statements_covered": 0.0, "percent_statements_covered_display": "0.00"}, "missing_lines": [613, 615, 625, 626, 627, 628, 629, 630], "excluded_lines": [], "start_line": 612}, "test_early_disconnect.app": {"executed_lines": [], "summary": {"covered_lines": 0, "num_statements": 5, "percent_covered": 0.0, "percent_covered_display": "0.00", "missing_lines": 5, "excluded_lines": 0, "percent_statements_covered": 0.0, "percent_statements_covered_display": "0.00"}, "missing_lines": [618, 619, 620, 621, 623], "excluded_lines": [], "start_line": 615}, "test_early_response": {"executed_lines": [], "summary": {"covered_lines": 0, "num_statements": 7, "percent_covered": 0.0, "percent_covered_display": "0.00", "missing_lines": 7, "excluded_lines": 0, "percent_statements_covered": 0.0, "percent_statements_covered_display": "0.00"}, "missing_lines": [634, 636, 637, 638, 639, 640, 641], "excluded_lines": [], "start_line": 633}, "test_read_after_response": {"executed_lines": [], "summary": {"covered_lines": 0, "num_statements": 7, "percent_covered": 0.0, "percent_covered_display": "0.00", "missing_lines": 7, "excluded_lines": 0, "percent_statements_covered": 0.0, "percent_statements_covered_display": "0.00"}, "missing_lines": [645, 647, 654, 655, 656, 657, 658], "excluded_lines": [], "start_line": 644}, "test_read_after_response.app": {"executed_lines": [], "summary": {"covered_lines": 0, "num_statements": 3, "percent_covered": 0.0, "percent_covered_display": "0.00", "missing_lines": 3, "excluded_lines": 0, "percent_statements_covered": 0.0, "percent_statements_covered_display": "0.00"}, "missing_lines": [650, 651, 652], "excluded_lines": [], "start_line": 647}, "test_http10_request": {"executed_lines": [], "summary": {"covered_lines": 0, "num_statements": 6, "percent_covered": 0.0, "percent_covered_display": "0.00", "missing_lines": 6, "excluded_lines": 0, "percent_statements_covered": 0.0, "percent_statements_covered_display": "0.00"}, "missing_lines": [662, 668, 669, 670, 671, 672], "excluded_lines": [], "start_line": 661}, "test_http10_request.app": {"executed_lines": [], "summary": {"covered_lines": 0, "num_statements": 4, "percent_covered": 0.0, "percent_covered_display": "0.00", "missing_lines": 4, "excluded_lines": 0, "percent_statements_covered": 0.0, "percent_statements_covered_display": "0.00"}, "missing_lines": [663, 664, 665, 666], "excluded_lines": [], "start_line": 662}, "test_root_path": {"executed_lines": [], "summary": {"covered_lines": 0, "num_statements": 6, "percent_covered": 0.0, "percent_covered_display": "0.00", "missing_lines": 6, "excluded_lines": 0, "percent_statements_covered": 0.0, "percent_statements_covered_display": "0.00"}, "missing_lines": [676, 683, 684, 685, 686, 687], "excluded_lines": [], "start_line": 675}, "test_root_path.app": {"executed_lines": [], "summary": {"covered_lines": 0, "num_statements": 5, "percent_covered": 0.0, "percent_covered_display": "0.00", "missing_lines": 5, "excluded_lines": 0, "percent_statements_covered": 0.0, "percent_statements_covered_display": "0.00"}, "missing_lines": [677, 678, 679, 680, 681], "excluded_lines": [], "start_line": 676}, "test_raw_path": {"executed_lines": [], "summary": {"covered_lines": 0, "num_statements": 5, "percent_covered": 0.0, "percent_covered_display": "0.00", "missing_lines": 5, "excluded_lines": 0, "percent_statements_covered": 0.0, "percent_statements_covered_display": "0.00"}, "missing_lines": [691, 701, 702, 703, 704], "excluded_lines": [], "start_line": 690}, "test_raw_path.app": {"executed_lines": [], "summary": {"covered_lines": 0, "num_statements": 7, "percent_covered": 0.0, "percent_covered_display": "0.00", "missing_lines": 7, "excluded_lines": 0, "percent_statements_covered": 0.0, "percent_statements_covered_display": "0.00"}, "missing_lines": [692, 693, 694, 695, 696, 698, 699], "excluded_lines": [], "start_line": 691}, "test_max_concurrency": {"executed_lines": [], "summary": {"covered_lines": 0, "num_statements": 5, "percent_covered": 0.0, "percent_covered_display": "0.00", "missing_lines": 5, "excluded_lines": 0, "percent_statements_covered": 0.0, "percent_statements_covered_display": "0.00"}, "missing_lines": [708, 710, 711, 712, 713], "excluded_lines": [], "start_line": 707}, "test_shutdown_during_request": {"executed_lines": [], "summary": {"covered_lines": 0, "num_statements": 7, "percent_covered": 0.0, "percent_covered_display": "0.00", "missing_lines": 7, "excluded_lines": 0, "percent_statements_covered": 0.0, "percent_statements_covered_display": "0.00"}, "missing_lines": [729, 731, 732, 733, 734, 735, 736], "excluded_lines": [], "start_line": 728}, "test_shutdown_during_idle": {"executed_lines": [], "summary": {"covered_lines": 0, "num_statements": 5, "percent_covered": 0.0, "percent_covered_display": "0.00", "missing_lines": 5, "excluded_lines": 0, "percent_statements_covered": 0.0, "percent_statements_covered_display": "0.00"}, "missing_lines": [740, 742, 743, 744, 745], "excluded_lines": [], "start_line": 739}, "test_100_continue_sent_when_body_consumed": {"executed_lines": [], "summary": {"covered_lines": 0, "num_statements": 8, "percent_covered": 0.0, "percent_covered_display": "0.00", "missing_lines": 8, "excluded_lines": 0, "percent_statements_covered": 0.0, "percent_statements_covered_display": "0.00"}, "missing_lines": [749, 760, 761, 772, 773, 774, 775, 776], "excluded_lines": [], "start_line": 748}, "test_100_continue_sent_when_body_consumed.app": {"executed_lines": [], "summary": {"covered_lines": 0, "num_statements": 9, "percent_covered": 0.0, "percent_covered_display": "0.00", "missing_lines": 9, "excluded_lines": 0, "percent_statements_covered": 0.0, "percent_statements_covered_display": "0.00"}, "missing_lines": [750, 751, 752, 753, 754, 755, 756, 757, 758], "excluded_lines": [], "start_line": 749}, "test_100_continue_not_sent_when_body_not_consumed": {"executed_lines": [], "summary": {"covered_lines": 0, "num_statements": 7, "percent_covered": 0.0, "percent_covered_display": "0.00", "missing_lines": 7, "excluded_lines": 0, "percent_statements_covered": 0.0, "percent_statements_covered_display": "0.00"}, "missing_lines": [782, 784, 785, 796, 797, 798, 799], "excluded_lines": [], "start_line": 779}, "test_supported_upgrade_request": {"executed_lines": [], "summary": {"covered_lines": 0, "num_statements": 5, "percent_covered": 0.0, "percent_covered_display": "0.00", "missing_lines": 5, "excluded_lines": 0, "percent_statements_covered": 0.0, "percent_statements_covered_display": "0.00"}, "missing_lines": [803, 805, 807, 808, 809], "excluded_lines": [], "start_line": 802}, "test_unsupported_ws_upgrade_request": {"executed_lines": [], "summary": {"covered_lines": 0, "num_statements": 6, "percent_covered": 0.0, "percent_covered_display": "0.00", "missing_lines": 6, "excluded_lines": 0, "percent_statements_covered": 0.0, "percent_statements_covered_display": "0.00"}, "missing_lines": [813, 815, 816, 817, 818, 819], "excluded_lines": [], "start_line": 812}, "test_unsupported_ws_upgrade_request_warn_on_auto": {"executed_lines": [], "summary": {"covered_lines": 0, "num_statements": 11, "percent_covered": 0.0, "percent_covered_display": "0.00", "missing_lines": 11, "excluded_lines": 0, "percent_statements_covered": 0.0, "percent_statements_covered_display": "0.00"}, "missing_lines": [825, 827, 828, 829, 830, 831, 832, 833, 834, 835, 836], "excluded_lines": [], "start_line": 822}, "test_http2_upgrade_request": {"executed_lines": [], "summary": {"covered_lines": 0, "num_statements": 6, "percent_covered": 0.0, "percent_covered_display": "0.00", "missing_lines": 6, "excluded_lines": 0, "percent_statements_covered": 0.0, "percent_statements_covered_display": "0.00"}, "missing_lines": [840, 842, 843, 844, 845, 846], "excluded_lines": [], "start_line": 839}, "asgi3app": {"executed_lines": [], "summary": {"covered_lines": 0, "num_statements": 1, "percent_covered": 0.0, "percent_covered_display": "0.00", "missing_lines": 1, "excluded_lines": 0, "percent_statements_covered": 0.0, "percent_statements_covered_display": "0.00"}, "missing_lines": [850], "excluded_lines": [], "start_line": 849}, "asgi2app": {"executed_lines": [], "summary": {"covered_lines": 0, "num_statements": 2, "percent_covered": 0.0, "percent_covered_display": "0.00", "missing_lines": 2, "excluded_lines": 0, "percent_statements_covered": 0.0, "percent_statements_covered_display": "0.00"}, "missing_lines": [854, 857], "excluded_lines": [], "start_line": 853}, "asgi2app.asgi": {"executed_lines": [], "summary": {"covered_lines": 0, "num_statements": 1, "percent_covered": 0.0, "percent_covered_display": "0.00", "missing_lines": 1, "excluded_lines": 0, "percent_statements_covered": 0.0, "percent_statements_covered_display": "0.00"}, "missing_lines": [855], "excluded_lines": [], "start_line": 854}, "test_scopes": {"executed_lines": [], "summary": {"covered_lines": 0, "num_statements": 4, "percent_covered": 0.0, "percent_covered_display": "0.00", "missing_lines": 4, "excluded_lines": 0, "percent_statements_covered": 0.0, "percent_statements_covered_display": "0.00"}, "missing_lines": [872, 873, 874, 875], "excluded_lines": [], "start_line": 867}, "test_invalid_http_request": {"executed_lines": [], "summary": {"covered_lines": 0, "num_statements": 8, "percent_covered": 0.0, "percent_covered_display": "0.00", "missing_lines": 8, "excluded_lines": 0, "percent_statements_covered": 0.0, "percent_statements_covered_display": "0.00"}, "missing_lines": [889, 890, 892, 893, 895, 896, 897, 898], "excluded_lines": [], "start_line": 886}, "test_fragmentation": {"executed_lines": [], "summary": {"covered_lines": 0, "num_statements": 15, "percent_covered": 0.0, "percent_covered_display": "0.00", "missing_lines": 15, "excluded_lines": 0, "percent_statements_covered": 0.0, "percent_statements_covered_display": "0.00"}, "missing_lines": [903, 912, 914, 932, 933, 934, 935, 936, 937, 939, 940, 941, 942, 943, 944], "excluded_lines": [], "start_line": 902}, "test_fragmentation.receive_all": {"executed_lines": [], "summary": {"covered_lines": 0, "num_statements": 7, "percent_covered": 0.0, "percent_covered_display": "0.00", "missing_lines": 7, "excluded_lines": 0, "percent_statements_covered": 0.0, "percent_statements_covered_display": "0.00"}, "missing_lines": [904, 905, 906, 907, 908, 909, 910], "excluded_lines": [], "start_line": 903}, "test_fragmentation.send_fragmented_req": {"executed_lines": [], "summary": {"covered_lines": 0, "num_statements": 12, "percent_covered": 0.0, "percent_covered_display": "0.00", "missing_lines": 12, "excluded_lines": 2, "percent_statements_covered": 0.0, "percent_statements_covered_display": "0.00"}, "missing_lines": [915, 916, 917, 918, 919, 920, 921, 922, 925, 926, 929, 930], "excluded_lines": [927, 928], "start_line": 914}, "test_huge_headers_h11protocol_failure": {"executed_lines": [], "summary": {"covered_lines": 0, "num_statements": 6, "percent_covered": 0.0, "
[...]
 12, 14, 16, 17, 19, 24, 27, 28, 51, 64, 68, 71, 74, 88, 104, 118, 122], "summary": {"covered_lines": 27, "num_statements": 31, "percent_covered": 87.09677419354838, "percent_covered_display": "87.10", "missing_lines": 4, "excluded_lines": 1, "percent_statements_covered": 87.09677419354838, "percent_statements_covered_display": "87.10"}, "missing_lines": [123, 124, 125, 126], "excluded_lines": [42], "start_line": 1}}}, "uvicorn/supervisors/multiprocess.py": {"executed_lines": [1, 3, 4, 5, 6, 7, 8, 9, 11, 13, 14, 16, 22, 25, 26, 37, 44, 48, 65, 71, 74, 88, 93, 97, 98, 102, 103, 122, 128, 132, 136, 144, 162, 181, 191, 195, 203, 207, 214], "summary": {"covered_lines": 39, "num_statements": 136, "percent_covered": 28.676470588235293, "percent_covered_display": "28.68", "missing_lines": 97, "excluded_lines": 21, "percent_statements_covered": 28.676470588235293, "percent_statements_covered_display": "28.68"}, "missing_lines": [32, 34, 35, 38, 39, 40, 41, 42, 45, 46, 49, 50, 66, 69, 72, 75, 76, 82, 83, 85, 86, 91, 94, 95, 99, 109, 110, 111, 113, 114, 116, 118, 119, 120, 123, 124, 125, 126, 129, 130, 133, 134, 137, 138, 139, 140, 141, 142, 145, 146, 147, 149, 151, 152, 153, 155, 156, 158, 159, 160, 163, 164, 166, 167, 168, 170, 171, 173, 176, 177, 178, 179, 182, 183, 184, 185, 186, 187, 192, 193, 196, 197, 204, 205, 208, 209, 210, 211, 212, 215, 216, 217, 218, 219, 220, 221, 222], "excluded_lines": [52, 53, 54, 55, 56, 57, 58, 59, 60, 61, 62, 63, 67, 77, 80, 174, 188, 189, 199, 200, 201], "functions": {"Process.__init__": {"executed_lines": [], "summary": {"covered_lines": 0, "num_statements": 3, "percent_covered": 0.0, "percent_covered_display": "0.00", "missing_lines": 3, "excluded_lines": 0, "percent_statements_covered": 0.0, "percent_statements_covered_display": "0.00"}, "missing_lines": [32, 34, 35], "excluded_lines": [], "start_line": 26}, "Process.ping": {"executed_lines": [], "summary": {"covered_lines": 0, "num_statements": 5, "percent_covered": 0.0, "percent_covered_display": "0.00", "missing_lines": 5, "excluded_lines": 0, "percent_statements_covered": 0.0, "percent_statements_covered_display": "0.00"}, "missing_lines": [38, 39, 40, 41, 42], "excluded_lines": [], "start_line": 37}, "Process.pong": {"executed_lines": [], "summary": {"covered_lines": 0, "num_statements": 2, "percent_covered": 0.0, "percent_covered_display": "0.00", "missing_lines": 2, "excluded_lines": 0, "percent_statements_covered": 0.0, "percent_statements_covered_display": "0.00"}, "missing_lines": [45, 46], "excluded_lines": [], "start_line": 44}, "Process.always_pong": {"executed_lines": [], "summary": {"covered_lines": 0, "num_statements": 2, "percent_covered": 0.0, "percent_covered_display": "0.00", "missing_lines": 2, "excluded_lines": 0, "percent_statements_covered": 0.0, "percent_statements_covered_display": "0.00"}, "missing_lines": [49, 50], "excluded_lines": [], "start_line": 48}, "Process.target": {"executed_lines": [], "summary": {"covered_lines": 0, "num_statements": 0, "percent_covered": 100.0, "percent_covered_display": "100.00", "missing_lines": 0, "excluded_lines": 11, "percent_statements_covered": 100.0, "percent_statements_covered_display": "100.00"}, "missing_lines": [], "excluded_lines": [53, 54, 55, 56, 57, 58, 59, 60, 61, 62, 63], "start_line": 52}, "Process.is_alive": {"executed_lines": [], "summary": {"covered_lines": 0, "num_statements": 2, "percent_covered": 0.0, "percent_covered_display": "0.00", "missing_lines": 2, "excluded_lines": 1, "percent_statements_covered": 0.0, "percent_statements_covered_display": "0.00"}, "missing_lines": [66, 69], "excluded_lines": [67], "start_line": 65}, "Process.start": {"executed_lines": [], "summary": {"covered_lines": 0, "num_statements": 1, "percent_covered": 0.0, "percent_covered_display": "0.00", "missing_lines": 1, "excluded_lines": 0, "percent_statements_covered": 0.0, "percent_statements_covered_display": "0.00"}, "missing_lines": [72], "excluded_lines": [], "start_line": 71}, "Process.terminate": {"executed_lines": [], "summary": {"covered_lines": 0, "num_statements": 6, "percent_covered": 0.0, "percent_covered_display": "0.00", "missing_lines": 6, "excluded_lines": 2, "percent_statements_covered": 0.0, "percent_statements_covered_display": "0.00"}, "missing_lines": [75, 76, 82, 83, 85, 86], "excluded_lines": [77, 80], "start_line": 74}, "Process.kill": {"executed_lines": [], "summary": {"covered_lines": 0, "num_statements": 1, "percent_covered": 0.0, "percent_covered_display": "0.00", "missing_lines": 1, "excluded_lines": 0, "percent_statements_covered": 0.0, "percent_statements_covered_display": "0.00"}, "missing_lines": [91], "excluded_lines": [], "start_line": 88}, "Process.join": {"executed_lines": [], "summary": {"covered_lines": 0, "num_statements": 2, "percent_covered": 0.0, "percent_covered_display": "0.00", "missing_lines": 2, "excluded_lines": 0, "percent_statements_covered": 0.0, "percent_statements_covered_display": "0.00"}, "missing_lines": [94, 95], "excluded_lines": [], "start_line": 93}, "Process.pid": {"executed_lines": [], "summary": {"covered_lines": 0, "num_statements": 1, "percent_covered": 0.0, "percent_covered_display": "0.00", "missing_lines": 1, "excluded_lines": 0, "percent_statements_covered": 0.0, "percent_statements_covered_display": "0.00"}, "missing_lines": [99], "excluded_lines": [], "start_line": 98}, "Multiprocess.__init__": {"executed_lines": [], "summary": {"covered_lines": 0, "num_statements": 9, "percent_covered": 0.0, "percent_covered_display": "0.00", "missing_lines": 9, "excluded_lines": 0, "percent_statements_covered": 0.0, "percent_statements_covered_display": "0.00"}, "missing_lines": [109, 110, 111, 113, 114, 116, 118, 119, 120], "excluded_lines": [], "start_line": 103}, "Multiprocess.init_processes": {"executed_lines": [], "summary": {"covered_lines": 0, "num_statements": 4, "percent_covered": 0.0, "percent_covered_display": "0.00", "missing_lines": 4, "excluded_lines": 0, "percent_statements_covered": 0.0, "percent_statements_covered_display": "0.00"}, "missing_lines": [123, 124, 125, 126], "excluded_lines": [], "start_line": 122}, "Multiprocess.terminate_all": {"executed_lines": [], "summary": {"covered_lines": 0, "num_statements": 2, "percent_covered": 0.0, "percent_covered_display": "0.00", "missing_lines": 2, "excluded_lines": 0, "percent_statements_covered": 0.0, "percent_statements_covered_display": "0.00"}, "missing_lines": [129, 130], "excluded_lines": [], "start_line": 128}, "Multiprocess.join_all": {"executed_lines": [], "summary": {"covered_lines": 0, "num_statements": 2, "percent_covered": 0.0, "percent_covered_display": "0.00", "missing_lines": 2, "excluded_lines": 0, "percent_statements_covered": 0.0, "percent_statements_covered_display": "0.00"}, "missing_lines": [133, 134], "excluded_lines": [], "start_line": 132}, "Multiprocess.restart_all": {"executed_lines": [], "summary": {"covered_lines": 0, "num_statements": 6, "percent_covered": 0.0, "percent_covered_display": "0.00", "missing_lines": 6, "excluded_lines": 0, "percent_statements_covered": 0.0, "percent_statements_covered_display": "0.00"}, "missing_lines": [137, 138, 139, 140, 141, 142], "excluded_lines": [], "start_line": 136}, "Multiprocess.run": {"executed_lines": [], "summary": {"covered_lines": 0, "num_statements": 12, "percent_covered": 0.0, "percent_covered_display": "0.00", "missing_lines": 12, "excluded_lines": 0, "percent_statements_covered": 0.0, "percent_statements_covered_display": "0.00"}, "missing_lines": [145, 146, 147, 149, 151, 152, 153, 155, 156, 158, 159, 160], "excluded_lines": [], "start_line": 144}, "Multiprocess.keep_subprocess_alive": {"executed_lines": [], "summary": {"covered_lines": 0, "num_statements": 12, "percent_covered": 0.0, "percent_covered_display": "0.00", "missing_lines": 12, "excluded_lines": 1, "percent_statements_covered": 0.0, "percent_statements_covered_display": "0.00"}, "missing_lines": [163, 164, 166, 167, 168, 170, 171, 173, 176, 177, 178, 179], "excluded_lines": [174], "start_line": 162}, "Multiprocess.handle_signals": {"executed_lines": [], "summary": {"covered_lines": 0, "num_statements": 6, "percent_covered": 0.0, "percent_covered_display": "0.00", "missing_lines": 6, "excluded_lines": 2, "percent_statements_covered": 0.0, "percent_statements_covered_display": "0.00"}, "missing_lines": [182, 183, 184, 185, 186, 187], "excluded_lines": [188, 189], "start_line": 181}, "Multiprocess.handle_int": {"executed_lines": [], "summary": {"covered_lines": 0, "num_statements": 2, "percent_covered": 0.0, "percent_covered_display": "0.00", "missing_lines": 2, "excluded_lines": 0, "percent_statements_covered": 0.0, "percent_statements_covered_display": "0.00"}, "missing_lines": [192, 193], "excluded_lines": [], "start_line": 191}, "Multiprocess.handle_term": {"executed_lines": [], "summary": {"covered_lines": 0, "num_statements": 2, "percent_covered": 0.0, "percent_covered_display": "0.00", "missing_lines": 2, "excluded_lines": 0, "percent_statements_covered": 0.0, "percent_statements_covered_display": "0.00"}, "missing_lines": [196, 197], "excluded_lines": [], "start_line": 195}, "Multiprocess.handle_break": {"executed_lines": [], "summary": {"covered_lines": 0, "num_statements": 0, "percent_covered": 100.0, "percent_covered_display": "100.00", "missing_lines": 0, "excluded_lines": 2, "percent_statements_covered": 100.0, "percent_statements_covered_display": "100.00"}, "missing_lines": [], "excluded_lines": [200, 201], "start_line": 199}, "Multiprocess.handle_hup": {"executed_lines": [], "summary": {"covered_lines": 0, "num_statements": 2, "percent_covered": 0.0, "percent_covered_display": "0.00", "missing_lines": 2, "excluded_lines": 0, "percent_statements_covered": 0.0, "percent_statements_covered_display": "0.00"}, "missing_lines": [204, 205], "excluded_lines": [], "start_line": 203}, "Multiprocess.handle_ttin": {"executed_lines": [], "summary": {"covered_lines": 0, "num_statements": 5, "percent_covered": 0.0, "percent_covered_display": "0.00", "missing_lines": 5, "excluded_lines": 0, "percent_statements_covered": 0.0, "percent_statements_covered_display": "0.00"}, "missing_lines": [208, 209, 210, 211, 212], "excluded_lines": [], "start_line": 207}, "Multiprocess.handle_ttou": {"executed_lines": [], "summary": {"covered_lines": 0, "num_statements": 8, "percent_covered": 0.0, "percent_covered_display": "0.00", "missing_lines": 8, "excluded_lines": 0, "percent_statements_covered": 0.0, "percent_statements_covered_display": "0.00"}, "missing_lines": [215, 216, 217, 218, 219, 220, 221, 222], "excluded_lines": [], "start_line": 214}, "": {"executed_lines": [1, 3, 4, 5, 6, 7, 8, 9, 11, 13, 14, 16, 22, 25, 26, 37, 44, 48, 65, 71, 74, 88, 93, 97, 98, 102, 103, 122, 128, 132, 136, 144, 162, 181, 191, 195, 203, 207, 214], "summary": {"covered_lines": 39, "num_statements": 39, "percent_covered": 100.0, "percent_covered_display": "100.00", "missing_lines": 0, "excluded_lines": 2, "percent_statements_covered": 100.0, "percent_statements_covered_display": "100.00"}, "missing_lines": [], "excluded_lines": [52, 199], "start_line": 1}}, "classes": {"Process": {"executed_lines": [], "summary": {"covered_lines": 0, "num_statements": 25, "percent_covered": 0.0, "percent_covered_display": "0.00", "missing_lines": 25, "excluded_lines": 14, "percent_statements_covered": 0.0, "percent_statements_covered_display": "0.00"}, "missing_lines": [32, 34, 35, 38, 39, 40, 41, 42, 45, 46, 49, 50, 66, 69, 72, 75, 76, 82, 83, 85, 86, 91, 94, 95, 99], "excluded_lines": [53, 54, 55, 56, 57, 58, 59, 60, 61, 62, 63, 67, 77, 80], "start_line": 25}, "Multiprocess": {"executed_lines": [], "summary": {"covered_lines": 0, "num_statements": 72, "percent_covered": 0.0, "percent_covered_display": "0.00", "missing_lines": 72, "excluded_lines": 5, "percent_statements_covered": 0.0, "percent_statements_covered_display": "0.00"}, "missing_lines": [109, 110, 111, 113, 114, 116, 118, 119, 120, 123, 124, 125, 126, 129, 130, 133, 134, 137, 138, 139, 140, 141, 142, 145, 146, 147, 149, 151, 152, 153, 155, 156, 158, 159, 160, 163, 164, 166, 167, 168, 170, 171, 173, 176, 177, 178, 179, 182, 183, 184, 185, 186, 187, 192, 193, 196, 197, 204, 205, 208, 209, 210, 211, 212, 215, 216, 217, 218, 219, 220, 221, 222], "excluded_lines": [174, 188, 189, 200, 201], "start_line": 102}, "": {"executed_lines": [1, 3, 4, 5, 6, 7, 8, 9, 11, 13, 14, 16, 22, 25, 26, 37, 44, 48, 65, 71, 74, 88, 93, 97, 98, 102, 103, 122, 128, 132, 136, 144, 162, 181, 191, 195, 203, 207, 214], "summary": {"covered_lines": 39, "num_statements": 39, "percent_covered": 100.0, "percent_covered_display": "100.00", "missing_lines": 0, "excluded_lines": 2, "percent_statements_covered": 100.0, "percent_statements_covered_display": "100.00"}, "missing_lines": [], "excluded_lines": [52, 199], "start_line": 1}}}, "uvicorn/supervisors/statreload.py": {"executed_lines": [], "summary": {"covered_lines": 0, "num_statements": 35, "percent_covered": 0.0, "percent_covered_display": "0.00", "missing_lines": 35, "excluded_lines": 2, "percent_statements_covered": 0.0, "percent_statements_covered_display": "0.00"}, "missing_lines": [1, 3, 4, 5, 6, 7, 9, 10, 12, 15, 16, 22, 23, 24, 26, 27, 29, 30, 32, 33, 34, 38, 39, 40, 41, 42, 43, 44, 46, 47, 48, 50, 51, 52, 53], "excluded_lines": [35, 36], "functions": {"StatReload.__init__": {"executed_lines": [], "summary": {"covered_lines": 0, "num_statements": 5, "percent_covered": 0.0, "percent_covered_display": "0.00", "missing_lines": 5, "excluded_lines": 0, "percent_statements_covered": 0.0, "percent_statements_covered_display": "0.00"}, "missing_lines": [22, 23, 24, 26, 27], "excluded_lines": [], "start_line": 16}, "StatReload.should_restart": {"executed_lines": [], "summary": {"covered_lines": 0, "num_statements": 11, "percent_covered": 0.0, "percent_covered_display": "0.00", "missing_lines": 11, "excluded_lines": 2, "percent_statements_covered": 0.0, "percent_statements_covered_display": "0.00"}, "missing_lines": [30, 32, 33, 34, 38, 39, 40, 41, 42, 43, 44], "excluded_lines": [35, 36], "start_line": 29}, "StatReload.restart": {"executed_lines": [], "summary": {"covered_lines": 0, "num_statements": 2, "percent_covered": 0.0, "percent_covered_display": "0.00", "missing_lines": 2, "excluded_lines": 0, "percent_statements_covered": 0.0, "percent_statements_covered_display": "0.00"}, "missing_lines": [47, 48], "excluded_lines": [], "start_line": 46}, "StatReload.iter_py_files": {"executed_lines": [], "summary": {"covered_lines": 0, "num_statements": 3, "percent_covered": 0.0, "percent_covered_display": "0.00", "missing_lines": 3, "excluded_lines": 0, "percent_statements_covered": 0.0, "percent_statements_covered_display": "0.00"}, "missing_lines": [51, 52, 53], "excluded_lines": [], "start_line": 50}, "": {"executed_lines": [], "summary": {"covered_lines": 0, "num_statements": 14, "percent_covered": 0.0, "percent_covered_display": "0.00", "missing_lines": 14, "excluded_lines": 0, "percent_statements_covered": 0.0, "percent_statements_covered_display": "0.00"}, "missing_lines": [1, 3, 4, 5, 6, 7, 9, 10, 12, 15, 16, 29, 46, 50], "excluded_lines": [], "start_line": 1}}, "classes": {"StatReload": {"executed_lines": [], "summary": {"covered_lines": 0, "num_statements": 21, "percent_covered": 0.0, "percent_covered_display": "0.00", "missing_lines": 21, "excluded_lines": 2, "percent_statements_covered": 0.0, "percent_statements_covered_display": "0.00"}, "missing_lines": [22, 23, 24, 26, 27, 30, 32, 33, 34, 38, 39, 40, 41, 42, 43, 44, 47, 48, 51, 52, 53], "excluded_lines": [35, 36], "start_line": 15}, "": {"executed_lines": [], "summary": {"covered_lines": 0, "num_statements": 14, "percent_covered": 0.0, "percent_covered_display": "0.00", "missing_lines": 14, "excluded_lines": 0, "percent_statements_covered": 0.0, "percent_statements_covered_display": "0.00"}, "missing_lines": [1, 3, 4, 5, 6, 7, 9, 10, 12, 15, 16, 29, 46, 50], "excluded_lines": [], "start_line": 1}}}, "uvicorn/supervisors/watchfilesreload.py": {"executed_lines": [1, 3, 4, 5, 7, 9, 10, 13, 14, 37, 55, 56, 78], "summary": {"covered_lines": 13, "num_statements": 50, "percent_covered": 26.0, "percent_covered_display": "26.00", "missing_lines": 37, "excluded_lines": 5, "percent_statements_covered": 26.0, "percent_statements_covered_display": "26.00"}, "missing_lines": [15, 16, 17, 18, 20, 21, 22, 23, 24, 25, 26, 31, 32, 35, 38, 39, 40, 43, 44, 45, 47, 48, 51, 52, 62, 63, 64, 65, 66, 68, 69, 79, 81, 82, 83, 84, 85], "excluded_lines": [27, 29, 34, 41, 49], "functions": {"FileFilter.__init__": {"executed_lines": [], "summary": {"covered_lines": 0, "num_statements": 14, "percent_covered": 0.0, "percent_covered_display": "0.00", "missing_lines": 14, "excluded_lines": 3, "percent_statements_covered": 0.0, "percent_statements_covered_display": "0.00"}, "missing_lines": [15, 16, 17, 18, 20, 21, 22, 23, 24, 25, 26, 31, 32, 35], "excluded_lines": [27, 29, 34], "start_line": 14}, "FileFilter.__call__": {"executed_lines": [], "summary": {"covered_lines": 0, "num_statements": 10, "percent_covered": 0.0, "percent_covered_display": "0.00", "missing_lines": 10, "excluded_lines": 2, "percent_statements_covered": 0.0, "percent_statements_covered_display": "0.00"}, "missing_lines": [38, 39, 40, 43, 44, 45, 47, 48, 51, 52], "excluded_lines": [41, 49], "start_line": 37}, "WatchFilesReload.__init__": {"executed_lines": [], "summary": {"covered_lines": 0, "num_statements": 7, "percent_covered": 0.0, "percent_covered_display": "0.00", "missing_lines": 7, "excluded_lines": 0, "percent_statements_covered": 0.0, "percent_statements_covered_display": "0.00"}, "missing_lines": [62, 63, 64, 65, 66, 68, 69], "excluded_lines": [], "start_line": 56}, "WatchFilesReload.should_restart": {"executed_lines": [], "summary": {"covered_lines": 0, "num_statements": 6, "percent_covered": 0.0, "percent_covered_display": "0.00", "missing_lines": 6, "excluded_lines": 0, "percent_statements_covered": 0.0, "percent_statements_covered_display": "0.00"}, "missing_lines": [79, 81, 82, 83, 84, 85], "excluded_lines": [], "start_line": 78}, "": {"executed_lines": [1, 3, 4, 5, 7, 9, 10, 13, 14, 37, 55, 56, 78], "summary": {"covered_lines": 13, "num_statements": 13, "percent_covered": 100.0, "percent_covered_display": "100.00", "missing_lines": 0, "excluded_lines": 0, "percent_statements_covered": 100.0, "percent_statements_covered_display": "100.00"}, "missing_lines": [], "excluded_lines": [], "start_line": 1}}, "classes": {"FileFilter": {"executed_lines": [], "summary": {"covered_lines": 0, "num_statements": 24, "percent_covered": 0.0, "percent_covered_display": "0.00", "missing_lines": 24, "excluded_lines": 5, "percent_statements_covered": 0.0, "percent_statements_covered_display": "0.00"}, "missing_lines": [15, 16, 17, 18, 20, 21, 22, 23, 24, 25, 26, 31, 32, 35, 38, 39, 40, 43, 44, 45, 47, 48, 51, 52], "excluded_lines": [27, 29, 34, 41, 49], "start_line": 13}, "WatchFilesReload": {"executed_lines": [], "summary": {"covered_lines": 0, "num_statements": 13, "percent_covered": 0.0, "percent_covered_display": "0.00", "missing_lines": 13, "excluded_lines": 0, "percent_statements_covered": 0.0, "percent_statements_covered_display": "0.00"}, "missing_lines": [62, 63, 64, 65, 66, 68, 69, 79, 81, 82, 83, 84, 85], "excluded_lines": [], "start_line": 55}, "": {"executed_lines": [1, 3, 4, 5, 7, 9, 10, 13, 14, 37, 55, 56, 78], "summary": {"covered_lines": 13, "num_statements": 13, "percent_covered": 100.0, "percent_covered_display": "100.00", "missing_lines": 0, "excluded_lines": 0, "percent_statements_covered": 100.0, "percent_statements_covered_display": "100.00"}, "missing_lines": [], "excluded_lines": [], "start_line": 1}}}}, "totals": {"covered_lines": 660, "num_statements": 6208, "percent_covered": 10.631443298969073, "percent_covered_display": "10.63", "missing_lines": 5548, "excluded_lines": 333, "percent_statements_covered": 10.631443298969073, "percent_statements_covered_display": "10.63"}}